<?xml version="1.0" encoding="UTF-8" standalone="no"?>
<!DOCTYPE log SYSTEM "logger.dtd">
<log>
<record>
  <date>2025-05-21T07:26:16.455530Z</date>
  <millis>1747812376455</millis>
  <nanos>530000</nanos>
  <sequence>0</sequence>
  <level>START</level>
  <class>com.kms.katalon.core.logging.XmlKeywordLogger</class>
  <method>startSuite</method>
  <thread>1</thread>
  <message>Start Test Suite : Test Suites/Demo</message>
  <nestedLevel>0</nestedLevel>
  <escapedJava>false</escapedJava>
  <property name="rerunTestFailImmediately">true</property>
  <property name="retryCount">0</property>
  <property name="name">Demo</property>
  <property name="description"></property>
  <property name="id">Test Suites/Demo</property>
</record>
<record>
  <date>2025-05-21T07:26:16.461665Z</date>
  <millis>1747812376461</millis>
  <nanos>665000</nanos>
  <sequence>1</sequence>
  <level>RUN_DATA</level>
  <class>com.kms.katalon.core.logging.XmlKeywordLogger</class>
  <method>logMessage</method>
  <thread>1</thread>
  <message>hostName = cuongvo - localhost</message>
  <nestedLevel>0</nestedLevel>
  <escapedJava>false</escapedJava>
  <property name="hostName">cuongvo - localhost</property>
</record>
<record>
  <date>2025-05-21T07:26:16.461908Z</date>
  <millis>1747812376461</millis>
  <nanos>908000</nanos>
  <sequence>2</sequence>
  <level>RUN_DATA</level>
  <class>com.kms.katalon.core.logging.XmlKeywordLogger</class>
  <method>logMessage</method>
  <thread>1</thread>
  <message>os = Mac OS X 64bit</message>
  <nestedLevel>0</nestedLevel>
  <escapedJava>false</escapedJava>
  <property name="os">Mac OS X 64bit</property>
</record>
<record>
  <date>2025-05-21T07:26:16.462151Z</date>
  <millis>1747812376462</millis>
  <nanos>151000</nanos>
  <sequence>3</sequence>
  <level>RUN_DATA</level>
  <class>com.kms.katalon.core.logging.XmlKeywordLogger</class>
  <method>logMessage</method>
  <thread>1</thread>
  <message>hostAddress = 127.0.0.1</message>
  <nestedLevel>0</nestedLevel>
  <escapedJava>false</escapedJava>
  <property name="hostAddress">127.0.0.1</property>
</record>
<record>
  <date>2025-05-21T07:26:16.462359Z</date>
  <millis>1747812376462</millis>
  <nanos>359000</nanos>
  <sequence>4</sequence>
  <level>RUN_DATA</level>
  <class>com.kms.katalon.core.logging.XmlKeywordLogger</class>
  <method>logMessage</method>
  <thread>1</thread>
  <message>katalonVersion = 9.7.5.223</message>
  <nestedLevel>0</nestedLevel>
  <escapedJava>false</escapedJava>
  <property name="katalonVersion">9.7.5.223</property>
</record>
<record>
  <date>2025-05-21T07:26:16.465791Z</date>
  <millis>1747812376465</millis>
  <nanos>791000</nanos>
  <sequence>5</sequence>
  <level>START</level>
  <class>com.kms.katalon.core.logging.XmlKeywordLogger</class>
  <method>startKeyword</method>
  <thread>1</thread>
  <message>Start listener action : beforeSuite</message>
  <nestedLevel>0</nestedLevel>
  <escapedJava>false</escapedJava>
</record>
<record>
  <date>2025-05-21T07:26:16.472329Z</date>
  <millis>1747812376472</millis>
  <nanos>329000</nanos>
  <sequence>7</sequence>
  <level>START</level>
  <class>com.kms.katalon.core.logging.XmlKeywordLogger</class>
  <method>startKeyword</method>
  <thread>1</thread>
  <message>Start action : tsContext = testSuiteContext</message>
  <nestedLevel>1</nestedLevel>
  <escapedJava>false</escapedJava>
  <property name="startLine">21</property>
  <property name="stepIndex">1</property>
</record>
<record>
  <date>2025-05-21T07:26:16.473648Z</date>
  <millis>1747812376473</millis>
  <nanos>648000</nanos>
  <sequence>8</sequence>
  <level>END</level>
  <class>com.kms.katalon.core.logging.XmlKeywordLogger</class>
  <method>endKeyword</method>
  <thread>1</thread>
  <message>End action : tsContext = testSuiteContext</message>
  <nestedLevel>1</nestedLevel>
  <escapedJava>false</escapedJava>
</record>
<record>
  <date>2025-05-21T07:26:16.473959Z</date>
  <millis>1747812376473</millis>
  <nanos>959000</nanos>
  <sequence>9</sequence>
  <level>START</level>
  <class>com.kms.katalon.core.logging.XmlKeywordLogger</class>
  <method>startKeyword</method>
  <thread>1</thread>
  <message>Start action : logReportFolder()</message>
  <nestedLevel>1</nestedLevel>
  <escapedJava>false</escapedJava>
  <property name="startLine">22</property>
  <property name="stepIndex">2</property>
</record>
<record>
  <date>2025-05-21T07:26:16.475098Z</date>
  <millis>1747812376475</millis>
  <nanos>98000</nanos>
  <sequence>10</sequence>
  <level>END</level>
  <class>com.kms.katalon.core.logging.XmlKeywordLogger</class>
  <method>endKeyword</method>
  <thread>1</thread>
  <message>End action : logReportFolder()</message>
  <nestedLevel>1</nestedLevel>
  <escapedJava>false</escapedJava>
</record>
<record>
  <date>2025-05-21T07:26:16.475277Z</date>
  <millis>1747812376475</millis>
  <nanos>277000</nanos>
  <sequence>11</sequence>
  <level>START</level>
  <class>com.kms.katalon.core.logging.XmlKeywordLogger</class>
  <method>startKeyword</method>
  <thread>1</thread>
  <message>Start action : report_folder = getReportFolder()</message>
  <nestedLevel>1</nestedLevel>
  <escapedJava>false</escapedJava>
  <property name="startLine">62</property>
  <property name="stepIndex">1</property>
</record>
<record>
  <date>2025-05-21T07:26:16.479336Z</date>
  <millis>1747812376479</millis>
  <nanos>336000</nanos>
  <sequence>12</sequence>
  <level>END</level>
  <class>com.kms.katalon.core.logging.XmlKeywordLogger</class>
  <method>endKeyword</method>
  <thread>1</thread>
  <message>End action : report_folder = getReportFolder()</message>
  <nestedLevel>1</nestedLevel>
  <escapedJava>false</escapedJava>
</record>
<record>
  <date>2025-05-21T07:26:16.479601Z</date>
  <millis>1747812376479</millis>
  <nanos>601000</nanos>
  <sequence>13</sequence>
  <level>START</level>
  <class>com.kms.katalon.core.logging.XmlKeywordLogger</class>
  <method>startKeyword</method>
  <thread>1</thread>
  <message>Start action : report_logs = log.toLowerCase()</message>
  <nestedLevel>1</nestedLevel>
  <escapedJava>false</escapedJava>
  <property name="startLine">63</property>
  <property name="stepIndex">2</property>
</record>
<record>
  <date>2025-05-21T07:26:16.538389Z</date>
  <millis>1747812376538</millis>
  <nanos>389000</nanos>
  <sequence>14</sequence>
  <level>END</level>
  <class>com.kms.katalon.core.logging.XmlKeywordLogger</class>
  <method>endKeyword</method>
  <thread>1</thread>
  <message>End action : report_logs = log.toLowerCase()</message>
  <nestedLevel>1</nestedLevel>
  <escapedJava>false</escapedJava>
</record>
<record>
  <date>2025-05-21T07:26:16.538660Z</date>
  <millis>1747812376538</millis>
  <nanos>660000</nanos>
  <sequence>15</sequence>
  <level>START</level>
  <class>com.kms.katalon.core.logging.XmlKeywordLogger</class>
  <method>startKeyword</method>
  <thread>1</thread>
  <message>Start action : file = new java.io.File(report_logs)</message>
  <nestedLevel>1</nestedLevel>
  <escapedJava>false</escapedJava>
  <property name="startLine">64</property>
  <property name="stepIndex">3</property>
</record>
<record>
  <date>2025-05-21T07:26:16.539614Z</date>
  <millis>1747812376539</millis>
  <nanos>614000</nanos>
  <sequence>16</sequence>
  <level>END</level>
  <class>com.kms.katalon.core.logging.XmlKeywordLogger</class>
  <method>endKeyword</method>
  <thread>1</thread>
  <message>End action : file = new java.io.File(report_logs)</message>
  <nestedLevel>1</nestedLevel>
  <escapedJava>false</escapedJava>
</record>
<record>
  <date>2025-05-21T07:26:16.539804Z</date>
  <millis>1747812376539</millis>
  <nanos>804000</nanos>
  <sequence>17</sequence>
  <level>START</level>
  <class>com.kms.katalon.core.logging.XmlKeywordLogger</class>
  <method>startKeyword</method>
  <thread>1</thread>
  <message>Start action : file.withWriterAppend(&amp;quot;UTF-8&amp;quot;, { java.lang.Object writer -&amp;gt; ... })</message>
  <nestedLevel>1</nestedLevel>
  <escapedJava>false</escapedJava>
  <property name="startLine">65</property>
  <property name="stepIndex">4</property>
</record>
<record>
  <date>2025-05-21T07:26:16.551618Z</date>
  <millis>1747812376551</millis>
  <nanos>618000</nanos>
  <sequence>18</sequence>
  <level>END</level>
  <class>com.kms.katalon.core.logging.XmlKeywordLogger</class>
  <method>endKeyword</method>
  <thread>1</thread>
  <message>End action : file.withWriterAppend(&amp;quot;UTF-8&amp;quot;, { java.lang.Object writer -&amp;gt; ... })</message>
  <nestedLevel>1</nestedLevel>
  <escapedJava>false</escapedJava>
</record>
<record>
  <date>2025-05-21T07:26:16.551901Z</date>
  <millis>1747812376551</millis>
  <nanos>901000</nanos>
  <sequence>19</sequence>
  <level>START</level>
  <class>com.kms.katalon.core.logging.XmlKeywordLogger</class>
  <method>startKeyword</method>
  <thread>1</thread>
  <message>Start action : drivers.Driver.startAppium()</message>
  <nestedLevel>1</nestedLevel>
  <escapedJava>false</escapedJava>
  <property name="startLine">23</property>
  <property name="stepIndex">3</property>
</record>
<record>
  <date>2025-05-21T07:26:20.509803Z</date>
  <millis>1747812380509</millis>
  <nanos>803000</nanos>
  <sequence>20</sequence>
  <level>PASSED</level>
  <class>com.kms.katalon.core.logging.XmlKeywordLogger</class>
  <method>logMessage</method>
  <thread>1</thread>
  <message>drivers.Driver.startAppium is PASSED</message>
  <nestedLevel>0</nestedLevel>
  <escapedJava>false</escapedJava>
</record>
<record>
  <date>2025-05-21T07:26:20.510795Z</date>
  <millis>1747812380510</millis>
  <nanos>795000</nanos>
  <sequence>21</sequence>
  <level>END</level>
  <class>com.kms.katalon.core.logging.XmlKeywordLogger</class>
  <method>endKeyword</method>
  <thread>1</thread>
  <message>End action : drivers.Driver.startAppium()</message>
  <nestedLevel>1</nestedLevel>
  <escapedJava>false</escapedJava>
</record>
<record>
  <date>2025-05-21T07:26:20.510977Z</date>
  <millis>1747812380510</millis>
  <nanos>977000</nanos>
  <sequence>22</sequence>
  <level>START</level>
  <class>com.kms.katalon.core.logging.XmlKeywordLogger</class>
  <method>startKeyword</method>
  <thread>1</thread>
  <message>Start action : driver = (drivers.Driver.driver) ? drivers.Driver.driver : CustomKeywords.drivers.Driver.initMobileDriver()</message>
  <nestedLevel>1</nestedLevel>
  <escapedJava>false</escapedJava>
  <property name="startLine">24</property>
  <property name="stepIndex">4</property>
</record>
<record>
  <date>2025-05-21T07:26:20.526604Z</date>
  <millis>1747812380526</millis>
  <nanos>604000</nanos>
  <sequence>23</sequence>
  <level>INFO</level>
  <class>com.kms.katalon.core.logging.XmlKeywordLogger</class>
  <method>logMessage</method>
  <thread>1</thread>
  <message>Init driver</message>
  <nestedLevel>0</nestedLevel>
  <escapedJava>false</escapedJava>
</record>
<record>
  <date>2025-05-21T07:26:21.284968Z</date>
  <millis>1747812381284</millis>
  <nanos>968000</nanos>
  <sequence>25</sequence>
  <level>RUN_DATA</level>
  <class>com.kms.katalon.core.logging.XmlKeywordLogger</class>
  <method>logMessage</method>
  <thread>1</thread>
  <message>appiumVersion = 2.17.1</message>
  <nestedLevel>0</nestedLevel>
  <escapedJava>false</escapedJava>
  <property name="appiumVersion">2.17.1</property>
</record>
<record>
  <date>2025-05-21T07:26:21.285314Z</date>
  <millis>1747812381285</millis>
  <nanos>314000</nanos>
  <sequence>26</sequence>
  <level>RUN_DATA</level>
  <class>com.kms.katalon.core.logging.XmlKeywordLogger</class>
  <method>logMessage</method>
  <thread>1</thread>
  <message>appiumServerStatus = {&amp;quot;value&amp;quot;:{&amp;quot;ready&amp;quot;:true,&amp;quot;message&amp;quot;:&amp;quot;The server is ready to accept new connections&amp;quot;,&amp;quot;build&amp;quot;:{&amp;quot;version&amp;quot;:&amp;quot;2.17.1&amp;quot;}}}</message>
  <nestedLevel>0</nestedLevel>
  <escapedJava>false</escapedJava>
  <property name="appiumServerStatus">{&quot;value&quot;:{&quot;ready&quot;:true,&quot;message&quot;:&quot;The server is ready to accept new connections&quot;,&quot;build&quot;:{&quot;version&quot;:&quot;2.17.1&quot;}}}</property>
</record>
<record>
  <date>2025-05-21T07:26:21.290321Z</date>
  <millis>1747812381290</millis>
  <nanos>321000</nanos>
  <sequence>27</sequence>
  <level>RUN_DATA</level>
  <class>com.kms.katalon.core.logging.XmlKeywordLogger</class>
  <method>logMessage</method>
  <thread>1</thread>
  <message>deviceId = null</message>
  <nestedLevel>0</nestedLevel>
  <escapedJava>false</escapedJava>
  <property name="deviceId">null</property>
</record>
<record>
  <date>2025-05-21T07:26:21.290816Z</date>
  <millis>1747812381290</millis>
  <nanos>816000</nanos>
  <sequence>28</sequence>
  <level>RUN_DATA</level>
  <class>com.kms.katalon.core.logging.XmlKeywordLogger</class>
  <method>logMessage</method>
  <thread>1</thread>
  <message>deviceName = null</message>
  <nestedLevel>0</nestedLevel>
  <escapedJava>false</escapedJava>
  <property name="deviceName">null</property>
</record>
<record>
  <date>2025-05-21T07:26:21.291309Z</date>
  <millis>1747812381291</millis>
  <nanos>309000</nanos>
  <sequence>29</sequence>
  <level>RUN_DATA</level>
  <class>com.kms.katalon.core.logging.XmlKeywordLogger</class>
  <method>logMessage</method>
  <thread>1</thread>
  <message>deviceModel = null</message>
  <nestedLevel>0</nestedLevel>
  <escapedJava>false</escapedJava>
  <property name="deviceModel">null</property>
</record>
<record>
  <date>2025-05-21T07:26:21.291502Z</date>
  <millis>1747812381291</millis>
  <nanos>502000</nanos>
  <sequence>30</sequence>
  <level>RUN_DATA</level>
  <class>com.kms.katalon.core.logging.XmlKeywordLogger</class>
  <method>logMessage</method>
  <thread>1</thread>
  <message>deviceManufacturer = null</message>
  <nestedLevel>0</nestedLevel>
  <escapedJava>false</escapedJava>
  <property name="deviceManufacturer">null</property>
</record>
<record>
  <date>2025-05-21T07:26:21.291678Z</date>
  <millis>1747812381291</millis>
  <nanos>678000</nanos>
  <sequence>31</sequence>
  <level>RUN_DATA</level>
  <class>com.kms.katalon.core.logging.XmlKeywordLogger</class>
  <method>logMessage</method>
  <thread>1</thread>
  <message>deviceOS = null</message>
  <nestedLevel>0</nestedLevel>
  <escapedJava>false</escapedJava>
  <property name="deviceOS">null</property>
</record>
<record>
  <date>2025-05-21T07:26:21.291967Z</date>
  <millis>1747812381291</millis>
  <nanos>967000</nanos>
  <sequence>32</sequence>
  <level>RUN_DATA</level>
  <class>com.kms.katalon.core.logging.XmlKeywordLogger</class>
  <method>logMessage</method>
  <thread>1</thread>
  <message>deviceOSVersion = null</message>
  <nestedLevel>0</nestedLevel>
  <escapedJava>false</escapedJava>
  <property name="deviceOSVersion">null</property>
</record>
<record>
  <date>2025-05-21T07:26:21.292153Z</date>
  <millis>1747812381292</millis>
  <nanos>153000</nanos>
  <sequence>33</sequence>
  <level>PASSED</level>
  <class>com.kms.katalon.core.logging.XmlKeywordLogger</class>
  <method>logMessage</method>
  <thread>1</thread>
  <message>drivers.Driver.initMobileDriver is PASSED</message>
  <nestedLevel>0</nestedLevel>
  <escapedJava>false</escapedJava>
</record>
<record>
  <date>2025-05-21T07:26:21.292510Z</date>
  <millis>1747812381292</millis>
  <nanos>510000</nanos>
  <sequence>35</sequence>
  <level>END</level>
  <class>com.kms.katalon.core.logging.XmlKeywordLogger</class>
  <method>endKeyword</method>
  <thread>1</thread>
  <message>End action : driver = (drivers.Driver.driver) ? drivers.Driver.driver : CustomKeywords.drivers.Driver.initMobileDriver()</message>
  <nestedLevel>1</nestedLevel>
  <escapedJava>false</escapedJava>
</record>
<record>
  <date>2025-05-21T07:26:21.292663Z</date>
  <millis>1747812381292</millis>
  <nanos>663000</nanos>
  <sequence>36</sequence>
  <level>END</level>
  <class>com.kms.katalon.core.logging.XmlKeywordLogger</class>
  <method>endKeyword</method>
  <thread>1</thread>
  <message>End listener action : beforeSuite</message>
  <nestedLevel>0</nestedLevel>
  <escapedJava>false</escapedJava>
</record>
<record>
  <date>2025-05-21T07:26:21.353129Z</date>
  <millis>1747812381353</millis>
  <nanos>129000</nanos>
  <sequence>37</sequence>
  <level>START</level>
  <class>com.kms.katalon.core.logging.XmlKeywordLogger</class>
  <method>startTest</method>
  <thread>1</thread>
  <message>Start Test Case : Test Cases/IPAPER APP/003 TAO YEU CAU KHONG CO ASSIGNER</message>
  <nestedLevel>1</nestedLevel>
  <escapedJava>false</escapedJava>
  <property name="remainingRetryCount">0</property>
  <property name="name">Test Cases/IPAPER APP/003 TAO YEU CAU KHONG CO ASSIGNER</property>
  <property name="description"></property>
  <property name="iteration"></property>
  <property name="id">Test Cases/IPAPER APP/003 TAO YEU CAU KHONG CO ASSIGNER</property>
  <property name="source">\Users\cuongvo\hdb_katalon\IPaper\Test Cases\IPAPER APP\003 TAO YEU CAU KHONG CO ASSIGNER.tc</property>
  <property name="tag"></property>
  <property name="isOptional">false</property>
  <property name="currentRetryCount">0</property>
</record>
<record>
  <date>2025-05-21T07:26:21.397728Z</date>
  <millis>1747812381397</millis>
  <nanos>728000</nanos>
  <sequence>39</sequence>
  <level>START</level>
  <class>com.kms.katalon.core.logging.XmlKeywordLogger</class>
  <method>startKeyword</method>
  <thread>1</thread>
  <message>Start listener action : beforeTest</message>
  <nestedLevel>1</nestedLevel>
  <escapedJava>false</escapedJava>
</record>
<record>
  <date>2025-05-21T07:26:21.401626Z</date>
  <millis>1747812381401</millis>
  <nanos>626000</nanos>
  <sequence>41</sequence>
  <level>START</level>
  <class>com.kms.katalon.core.logging.XmlKeywordLogger</class>
  <method>startKeyword</method>
  <thread>1</thread>
  <message>Start action : DataTest.init()</message>
  <nestedLevel>1</nestedLevel>
  <escapedJava>false</escapedJava>
  <property name="startLine">29</property>
  <property name="stepIndex">1</property>
</record>
<record>
  <date>2025-05-21T07:26:21.441386Z</date>
  <millis>1747812381441</millis>
  <nanos>386000</nanos>
  <sequence>42</sequence>
  <level>END</level>
  <class>com.kms.katalon.core.logging.XmlKeywordLogger</class>
  <method>endKeyword</method>
  <thread>1</thread>
  <message>End action : DataTest.init()</message>
  <nestedLevel>1</nestedLevel>
  <escapedJava>false</escapedJava>
</record>
<record>
  <date>2025-05-21T07:26:21.441896Z</date>
  <millis>1747812381441</millis>
  <nanos>896000</nanos>
  <sequence>43</sequence>
  <level>START</level>
  <class>com.kms.katalon.core.logging.XmlKeywordLogger</class>
  <method>startKeyword</method>
  <thread>1</thread>
  <message>Start action : testCaseId = split(&amp;quot;/&amp;quot;).last()</message>
  <nestedLevel>1</nestedLevel>
  <escapedJava>false</escapedJava>
  <property name="startLine">30</property>
  <property name="stepIndex">2</property>
</record>
<record>
  <date>2025-05-21T07:26:21.453358Z</date>
  <millis>1747812381453</millis>
  <nanos>358000</nanos>
  <sequence>44</sequence>
  <level>END</level>
  <class>com.kms.katalon.core.logging.XmlKeywordLogger</class>
  <method>endKeyword</method>
  <thread>1</thread>
  <message>End action : testCaseId = split(&amp;quot;/&amp;quot;).last()</message>
  <nestedLevel>1</nestedLevel>
  <escapedJava>false</escapedJava>
</record>
<record>
  <date>2025-05-21T07:26:21.453680Z</date>
  <millis>1747812381453</millis>
  <nanos>680000</nanos>
  <sequence>45</sequence>
  <level>START</level>
  <class>com.kms.katalon.core.logging.XmlKeywordLogger</class>
  <method>startKeyword</method>
  <thread>1</thread>
  <message>Start action : if (!(drivers.Driver.isAppiumRunning()))</message>
  <nestedLevel>1</nestedLevel>
  <escapedJava>false</escapedJava>
  <property name="startLine">31</property>
  <property name="stepIndex">3</property>
</record>
<record>
  <date>2025-05-21T07:26:21.456329Z</date>
  <millis>1747812381456</millis>
  <nanos>329000</nanos>
  <sequence>46</sequence>
  <level>INFO</level>
  <class>com.kms.katalon.core.logging.XmlKeywordLogger</class>
  <method>logMessage</method>
  <thread>1</thread>
  <message>Appium running: false</message>
  <nestedLevel>1</nestedLevel>
  <escapedJava>false</escapedJava>
</record>
<record>
  <date>2025-05-21T07:26:21.457505Z</date>
  <millis>1747812381457</millis>
  <nanos>505000</nanos>
  <sequence>47</sequence>
  <level>PASSED</level>
  <class>com.kms.katalon.core.logging.XmlKeywordLogger</class>
  <method>logMessage</method>
  <thread>1</thread>
  <message>drivers.Driver.isAppiumRunning is PASSED</message>
  <nestedLevel>1</nestedLevel>
  <escapedJava>false</escapedJava>
</record>
<record>
  <date>2025-05-21T07:26:21.469118Z</date>
  <millis>1747812381469</millis>
  <nanos>118000</nanos>
  <sequence>48</sequence>
  <level>START</level>
  <class>com.kms.katalon.core.logging.XmlKeywordLogger</class>
  <method>startKeyword</method>
  <thread>1</thread>
  <message>Start action : drivers.Driver.startAppium()</message>
  <nestedLevel>2</nestedLevel>
  <escapedJava>false</escapedJava>
  <property name="startLine">32</property>
  <property name="stepIndex">1</property>
</record>
<record>
  <date>2025-05-21T07:26:21.744462Z</date>
  <millis>1747812381744</millis>
  <nanos>462000</nanos>
  <sequence>49</sequence>
  <level>PASSED</level>
  <class>com.kms.katalon.core.logging.XmlKeywordLogger</class>
  <method>logMessage</method>
  <thread>1</thread>
  <message>drivers.Driver.startAppium is PASSED</message>
  <nestedLevel>1</nestedLevel>
  <escapedJava>false</escapedJava>
</record>
<record>
  <date>2025-05-21T07:26:21.745175Z</date>
  <millis>1747812381745</millis>
  <nanos>175000</nanos>
  <sequence>50</sequence>
  <level>END</level>
  <class>com.kms.katalon.core.logging.XmlKeywordLogger</class>
  <method>endKeyword</method>
  <thread>1</thread>
  <message>End action : drivers.Driver.startAppium()</message>
  <nestedLevel>2</nestedLevel>
  <escapedJava>false</escapedJava>
</record>
<record>
  <date>2025-05-21T07:26:21.745298Z</date>
  <millis>1747812381745</millis>
  <nanos>298000</nanos>
  <sequence>51</sequence>
  <level>END</level>
  <class>com.kms.katalon.core.logging.XmlKeywordLogger</class>
  <method>endKeyword</method>
  <thread>1</thread>
  <message>End action : if (!(drivers.Driver.isAppiumRunning()))</message>
  <nestedLevel>1</nestedLevel>
  <escapedJava>false</escapedJava>
</record>
<record>
  <date>2025-05-21T07:26:21.745404Z</date>
  <millis>1747812381745</millis>
  <nanos>404000</nanos>
  <sequence>52</sequence>
  <level>START</level>
  <class>com.kms.katalon.core.logging.XmlKeywordLogger</class>
  <method>startKeyword</method>
  <thread>1</thread>
  <message>Start action : if (driver == null || driver.getSessionId() == null)</message>
  <nestedLevel>1</nestedLevel>
  <escapedJava>false</escapedJava>
  <property name="startLine">35</property>
  <property name="stepIndex">4</property>
</record>
<record>
  <date>2025-05-21T07:26:21.773752Z</date>
  <millis>1747812381773</millis>
  <nanos>752000</nanos>
  <sequence>53</sequence>
  <level>END</level>
  <class>com.kms.katalon.core.logging.XmlKeywordLogger</class>
  <method>endKeyword</method>
  <thread>1</thread>
  <message>End action : if (driver == null || driver.getSessionId() == null)</message>
  <nestedLevel>1</nestedLevel>
  <escapedJava>false</escapedJava>
</record>
<record>
  <date>2025-05-21T07:26:21.774352Z</date>
  <millis>1747812381774</millis>
  <nanos>352000</nanos>
  <sequence>54</sequence>
  <level>START</level>
  <class>com.kms.katalon.core.logging.XmlKeywordLogger</class>
  <method>startKeyword</method>
  <thread>1</thread>
  <message>Start action : drivers.Driver.openApp()</message>
  <nestedLevel>1</nestedLevel>
  <escapedJava>false</escapedJava>
  <property name="startLine">39</property>
  <property name="stepIndex">5</property>
</record>
<record>
  <date>2025-05-21T07:26:23.434427Z</date>
  <millis>1747812383434</millis>
  <nanos>427000</nanos>
  <sequence>55</sequence>
  <level>PASSED</level>
  <class>com.kms.katalon.core.logging.XmlKeywordLogger</class>
  <method>logMessage</method>
  <thread>1</thread>
  <message>drivers.Driver.openApp is PASSED</message>
  <nestedLevel>1</nestedLevel>
  <escapedJava>false</escapedJava>
</record>
<record>
  <date>2025-05-21T07:26:23.435Z</date>
  <millis>1747812383435</millis>
  <sequence>57</sequence>
  <level>END</level>
  <class>com.kms.katalon.core.logging.XmlKeywordLogger</class>
  <method>endKeyword</method>
  <thread>1</thread>
  <message>End action : drivers.Driver.openApp()</message>
  <nestedLevel>1</nestedLevel>
  <escapedJava>false</escapedJava>
</record>
<record>
  <date>2025-05-21T07:26:23.435305Z</date>
  <millis>1747812383435</millis>
  <nanos>305000</nanos>
  <sequence>58</sequence>
  <level>END</level>
  <class>com.kms.katalon.core.logging.XmlKeywordLogger</class>
  <method>endKeyword</method>
  <thread>1</thread>
  <message>End listener action : beforeTest</message>
  <nestedLevel>1</nestedLevel>
  <escapedJava>false</escapedJava>
</record>
<record>
  <date>2025-05-21T07:26:23.522234Z</date>
  <millis>1747812383522</millis>
  <nanos>234000</nanos>
  <sequence>59</sequence>
  <level>START</level>
  <class>com.kms.katalon.core.logging.XmlKeywordLogger</class>
  <method>startKeyword</method>
  <thread>1</thread>
  <message>Start action : REQUEST_NAME = &amp;quot;Trình ký PDF có sẵn&amp;quot;</message>
  <nestedLevel>1</nestedLevel>
  <escapedJava>false</escapedJava>
  <property name="startLine">9</property>
  <property name="stepIndex">1</property>
</record>
<record>
  <date>2025-05-21T07:26:23.523103Z</date>
  <millis>1747812383523</millis>
  <nanos>103000</nanos>
  <sequence>60</sequence>
  <level>END</level>
  <class>com.kms.katalon.core.logging.XmlKeywordLogger</class>
  <method>endKeyword</method>
  <thread>1</thread>
  <message>End action : REQUEST_NAME = &amp;quot;Trình ký PDF có sẵn&amp;quot;</message>
  <nestedLevel>1</nestedLevel>
  <escapedJava>false</escapedJava>
</record>
<record>
  <date>2025-05-21T07:26:23.523333Z</date>
  <millis>1747812383523</millis>
  <nanos>333000</nanos>
  <sequence>61</sequence>
  <level>START</level>
  <class>com.kms.katalon.core.logging.XmlKeywordLogger</class>
  <method>startKeyword</method>
  <thread>1</thread>
  <message>Start action : STATUS = &amp;quot;Đang đợi xử lý&amp;quot;</message>
  <nestedLevel>1</nestedLevel>
  <escapedJava>false</escapedJava>
  <property name="startLine">11</property>
  <property name="stepIndex">2</property>
</record>
<record>
  <date>2025-05-21T07:26:23.523925Z</date>
  <millis>1747812383523</millis>
  <nanos>925000</nanos>
  <sequence>62</sequence>
  <level>END</level>
  <class>com.kms.katalon.core.logging.XmlKeywordLogger</class>
  <method>endKeyword</method>
  <thread>1</thread>
  <message>End action : STATUS = &amp;quot;Đang đợi xử lý&amp;quot;</message>
  <nestedLevel>1</nestedLevel>
  <escapedJava>false</escapedJava>
</record>
<record>
  <date>2025-05-21T07:26:23.524116Z</date>
  <millis>1747812383524</millis>
  <nanos>116000</nanos>
  <sequence>63</sequence>
  <level>START</level>
  <class>com.kms.katalon.core.logging.XmlKeywordLogger</class>
  <method>startKeyword</method>
  <thread>1</thread>
  <message>Start action : TO_DAY = SimpleDateFormat(dd/MM/yyyy).format(new java.util.Date())</message>
  <nestedLevel>1</nestedLevel>
  <escapedJava>false</escapedJava>
  <property name="startLine">13</property>
  <property name="stepIndex">3</property>
</record>
<record>
  <date>2025-05-21T07:26:23.529749Z</date>
  <millis>1747812383529</millis>
  <nanos>749000</nanos>
  <sequence>64</sequence>
  <level>END</level>
  <class>com.kms.katalon.core.logging.XmlKeywordLogger</class>
  <method>endKeyword</method>
  <thread>1</thread>
  <message>End action : TO_DAY = SimpleDateFormat(dd/MM/yyyy).format(new java.util.Date())</message>
  <nestedLevel>1</nestedLevel>
  <escapedJava>false</escapedJava>
</record>
<record>
  <date>2025-05-21T07:26:23.529975Z</date>
  <millis>1747812383529</millis>
  <nanos>975000</nanos>
  <sequence>65</sequence>
  <level>START</level>
  <class>com.kms.katalon.core.logging.XmlKeywordLogger</class>
  <method>startKeyword</method>
  <thread>1</thread>
  <message>Start action : ERROR_MESSAGE = &amp;quot;Vui lòng nhập Email người nhận&amp;quot;</message>
  <nestedLevel>1</nestedLevel>
  <escapedJava>false</escapedJava>
  <property name="startLine">15</property>
  <property name="stepIndex">4</property>
</record>
<record>
  <date>2025-05-21T07:26:23.530584Z</date>
  <millis>1747812383530</millis>
  <nanos>584000</nanos>
  <sequence>66</sequence>
  <level>END</level>
  <class>com.kms.katalon.core.logging.XmlKeywordLogger</class>
  <method>endKeyword</method>
  <thread>1</thread>
  <message>End action : ERROR_MESSAGE = &amp;quot;Vui lòng nhập Email người nhận&amp;quot;</message>
  <nestedLevel>1</nestedLevel>
  <escapedJava>false</escapedJava>
</record>
<record>
  <date>2025-05-21T07:26:23.530808Z</date>
  <millis>1747812383530</millis>
  <nanos>808000</nanos>
  <sequence>67</sequence>
  <level>START</level>
  <class>com.kms.katalon.core.logging.XmlKeywordLogger</class>
  <method>startKeyword</method>
  <thread>1</thread>
  <message>Start action : documentTitle = &amp;quot;Trình ký &amp;quot; + System.currentTimeMillis()</message>
  <nestedLevel>1</nestedLevel>
  <escapedJava>false</escapedJava>
  <property name="startLine">17</property>
  <property name="stepIndex">5</property>
</record>
<record>
  <date>2025-05-21T07:26:23.532169Z</date>
  <millis>1747812383532</millis>
  <nanos>169000</nanos>
  <sequence>68</sequence>
  <level>END</level>
  <class>com.kms.katalon.core.logging.XmlKeywordLogger</class>
  <method>endKeyword</method>
  <thread>1</thread>
  <message>End action : documentTitle = &amp;quot;Trình ký &amp;quot; + System.currentTimeMillis()</message>
  <nestedLevel>1</nestedLevel>
  <escapedJava>false</escapedJava>
</record>
<record>
  <date>2025-05-21T07:26:23.532331Z</date>
  <millis>1747812383532</millis>
  <nanos>331000</nanos>
  <sequence>69</sequence>
  <level>START</level>
  <class>com.kms.katalon.core.logging.XmlKeywordLogger</class>
  <method>startKeyword</method>
  <thread>1</thread>
  <message>Start action : auto5 = DataTest.getUserTest5()</message>
  <nestedLevel>1</nestedLevel>
  <escapedJava>false</escapedJava>
  <property name="startLine">19</property>
  <property name="stepIndex">6</property>
</record>
<record>
  <date>2025-05-21T07:26:23.540340Z</date>
  <millis>1747812383540</millis>
  <nanos>340000</nanos>
  <sequence>70</sequence>
  <level>END</level>
  <class>com.kms.katalon.core.logging.XmlKeywordLogger</class>
  <method>endKeyword</method>
  <thread>1</thread>
  <message>End action : auto5 = DataTest.getUserTest5()</message>
  <nestedLevel>1</nestedLevel>
  <escapedJava>false</escapedJava>
</record>
<record>
  <date>2025-05-21T07:26:23.540604Z</date>
  <millis>1747812383540</millis>
  <nanos>604000</nanos>
  <sequence>71</sequence>
  <level>START</level>
  <class>com.kms.katalon.core.logging.XmlKeywordLogger</class>
  <method>startKeyword</method>
  <thread>1</thread>
  <message>Start action : auto6 = DataTest.getUserTest6()</message>
  <nestedLevel>1</nestedLevel>
  <escapedJava>false</escapedJava>
  <property name="startLine">21</property>
  <property name="stepIndex">7</property>
</record>
<record>
  <date>2025-05-21T07:26:23.541550Z</date>
  <millis>1747812383541</millis>
  <nanos>550000</nanos>
  <sequence>72</sequence>
  <level>END</level>
  <class>com.kms.katalon.core.logging.XmlKeywordLogger</class>
  <method>endKeyword</method>
  <thread>1</thread>
  <message>End action : auto6 = DataTest.getUserTest6()</message>
  <nestedLevel>1</nestedLevel>
  <escapedJava>false</escapedJava>
</record>
<record>
  <date>2025-05-21T07:26:23.541690Z</date>
  <millis>1747812383541</millis>
  <nanos>690000</nanos>
  <sequence>73</sequence>
  <level>START</level>
  <class>com.kms.katalon.core.logging.XmlKeywordLogger</class>
  <method>startKeyword</method>
  <thread>1</thread>
  <message>Start action : auto7 = DataTest.getUserTest7()</message>
  <nestedLevel>1</nestedLevel>
  <escapedJava>false</escapedJava>
  <property name="startLine">23</property>
  <property name="stepIndex">8</property>
</record>
<record>
  <date>2025-05-21T07:26:23.542672Z</date>
  <millis>1747812383542</millis>
  <nanos>672000</nanos>
  <sequence>74</sequence>
  <level>END</level>
  <class>com.kms.katalon.core.logging.XmlKeywordLogger</class>
  <method>endKeyword</method>
  <thread>1</thread>
  <message>End action : auto7 = DataTest.getUserTest7()</message>
  <nestedLevel>1</nestedLevel>
  <escapedJava>false</escapedJava>
</record>
<record>
  <date>2025-05-21T07:26:23.542860Z</date>
  <millis>1747812383542</millis>
  <nanos>860000</nanos>
  <sequence>75</sequence>
  <level>START</level>
  <class>com.kms.katalon.core.logging.XmlKeywordLogger</class>
  <method>startKeyword</method>
  <thread>1</thread>
  <message>Start action : document = DataTest.createDocumentTest(auto5, auto6, auto7, &amp;quot;dummy.pdf&amp;quot;, &amp;quot;dummy.pdf&amp;quot;)</message>
  <nestedLevel>1</nestedLevel>
  <escapedJava>false</escapedJava>
  <property name="startLine">25</property>
  <property name="stepIndex">9</property>
</record>
<record>
  <date>2025-05-21T07:26:23.564017Z</date>
  <millis>1747812383564</millis>
  <nanos>17000</nanos>
  <sequence>76</sequence>
  <level>END</level>
  <class>com.kms.katalon.core.logging.XmlKeywordLogger</class>
  <method>endKeyword</method>
  <thread>1</thread>
  <message>End action : document = DataTest.createDocumentTest(auto5, auto6, auto7, &amp;quot;dummy.pdf&amp;quot;, &amp;quot;dummy.pdf&amp;quot;)</message>
  <nestedLevel>1</nestedLevel>
  <escapedJava>false</escapedJava>
</record>
<record>
  <date>2025-05-21T07:26:23.564241Z</date>
  <millis>1747812383564</millis>
  <nanos>241000</nanos>
  <sequence>77</sequence>
  <level>START</level>
  <class>com.kms.katalon.core.logging.XmlKeywordLogger</class>
  <method>startKeyword</method>
  <thread>1</thread>
  <message>Start action : loginScreen.login(auto5)</message>
  <nestedLevel>1</nestedLevel>
  <escapedJava>false</escapedJava>
  <property name="startLine">29</property>
  <property name="stepIndex">10</property>
</record>
<record>
  <date>2025-05-21T07:26:33.352967Z</date>
  <millis>1747812393352</millis>
  <nanos>967000</nanos>
  <sequence>78</sequence>
  <level>END</level>
  <class>com.kms.katalon.core.logging.XmlKeywordLogger</class>
  <method>endKeyword</method>
  <thread>1</thread>
  <message>End action : loginScreen.login(auto5)</message>
  <nestedLevel>1</nestedLevel>
  <escapedJava>false</escapedJava>
</record>
<record>
  <date>2025-05-21T07:26:33.353860Z</date>
  <millis>1747812393353</millis>
  <nanos>860000</nanos>
  <sequence>79</sequence>
  <level>START</level>
  <class>com.kms.katalon.core.logging.XmlKeywordLogger</class>
  <method>startKeyword</method>
  <thread>1</thread>
  <message>Start action : homeScreen.openRequestList()</message>
  <nestedLevel>1</nestedLevel>
  <escapedJava>false</escapedJava>
  <property name="startLine">31</property>
  <property name="stepIndex">11</property>
</record>
<record>
  <date>2025-05-21T07:26:33.948015Z</date>
  <millis>1747812393948</millis>
  <nanos>15000</nanos>
  <sequence>80</sequence>
  <level>END</level>
  <class>com.kms.katalon.core.logging.XmlKeywordLogger</class>
  <method>endKeyword</method>
  <thread>1</thread>
  <message>End action : homeScreen.openRequestList()</message>
  <nestedLevel>1</nestedLevel>
  <escapedJava>false</escapedJava>
</record>
<record>
  <date>2025-05-21T07:26:33.948469Z</date>
  <millis>1747812393948</millis>
  <nanos>469000</nanos>
  <sequence>81</sequence>
  <level>START</level>
  <class>com.kms.katalon.core.logging.XmlKeywordLogger</class>
  <method>startKeyword</method>
  <thread>1</thread>
  <message>Start action : homeScreen.createRequest(REQUEST_NAME)</message>
  <nestedLevel>1</nestedLevel>
  <escapedJava>false</escapedJava>
  <property name="startLine">33</property>
  <property name="stepIndex">12</property>
</record>
<record>
  <date>2025-05-21T07:26:39.010976Z</date>
  <millis>1747812399010</millis>
  <nanos>976000</nanos>
  <sequence>82</sequence>
  <level>END</level>
  <class>com.kms.katalon.core.logging.XmlKeywordLogger</class>
  <method>endKeyword</method>
  <thread>1</thread>
  <message>End action : homeScreen.createRequest(REQUEST_NAME)</message>
  <nestedLevel>1</nestedLevel>
  <escapedJava>false</escapedJava>
</record>
<record>
  <date>2025-05-21T07:26:39.011918Z</date>
  <millis>1747812399011</millis>
  <nanos>918000</nanos>
  <sequence>83</sequence>
  <level>START</level>
  <class>com.kms.katalon.core.logging.XmlKeywordLogger</class>
  <method>startKeyword</method>
  <thread>1</thread>
  <message>Start action : pdfSignScreen.fillInTitle(title)</message>
  <nestedLevel>1</nestedLevel>
  <escapedJava>false</escapedJava>
  <property name="startLine">35</property>
  <property name="stepIndex">13</property>
</record>
<record>
  <date>2025-05-21T07:26:41.606318Z</date>
  <millis>1747812401606</millis>
  <nanos>318000</nanos>
  <sequence>84</sequence>
  <level>END</level>
  <class>com.kms.katalon.core.logging.XmlKeywordLogger</class>
  <method>endKeyword</method>
  <thread>1</thread>
  <message>End action : pdfSignScreen.fillInTitle(title)</message>
  <nestedLevel>1</nestedLevel>
  <escapedJava>false</escapedJava>
</record>
<record>
  <date>2025-05-21T07:26:41.607216Z</date>
  <millis>1747812401607</millis>
  <nanos>216000</nanos>
  <sequence>85</sequence>
  <level>START</level>
  <class>com.kms.katalon.core.logging.XmlKeywordLogger</class>
  <method>startKeyword</method>
  <thread>1</thread>
  <message>Start action : pdfSignScreen.selectPriority(priority)</message>
  <nestedLevel>1</nestedLevel>
  <escapedJava>false</escapedJava>
  <property name="startLine">37</property>
  <property name="stepIndex">14</property>
</record>
<record>
  <date>2025-05-21T07:26:46.965490Z</date>
  <millis>1747812406965</millis>
  <nanos>490000</nanos>
  <sequence>87</sequence>
  <level>ERROR</level>
  <class>com.kms.katalon.core.logging.XmlKeywordLogger</class>
  <method>logMessage</method>
  <thread>1</thread>
  <message>Test Cases/IPAPER APP/003 TAO YEU CAU KHONG CO ASSIGNER FAILED.
Reason:
org.openqa.selenium.NoSuchElementException: An element could not be located on the page using the given search parameters.
For documentation on this error, please visit: https://www.seleniumhq.org/exceptions/no_such_element.html
Build info: version: &amp;apos;3.141.59&amp;apos;, revision: &amp;apos;unknown&amp;apos;, time: &amp;apos;unknown&amp;apos;
System info: host: &amp;apos;Cuong-Mac.local&amp;apos;, ip: &amp;apos;fe80:0:0:0:c43:6797:ebf2:3aad%en0&amp;apos;, os.name: &amp;apos;Mac OS X&amp;apos;, os.arch: &amp;apos;aarch64&amp;apos;, os.version: &amp;apos;15.5&amp;apos;, java.version: &amp;apos;17.0.7&amp;apos;
Driver info: io.appium.java_client.ios.IOSDriver
Capabilities {automationName: XCUITest, browserName: , databaseEnabled: false, fullReset: false, javascriptEnabled: true, locationContextEnabled: false, networkConnectionEnabled: false, noReset: true, platform: MAC, platformName: iOS, platformVersion: 18.4, takesScreenshot: true, udid: 00008110-000C10543443801E, webStorageEnabled: false}
Session ID: e49e97e6-dfaf-46a8-bafc-54356870e48e
*** Element info: {Using=xpath, value=//XCUIElementTypeStaticText[@name=&amp;apos;Ưu tiên&amp;apos;]/parent::XCUIElementTypeOther//XCUIElementTypeStaticText[@name=&amp;apos;Bình thường&amp;apos;]//following-sibling::*[1]}
	at java.base/jdk.internal.reflect.NativeConstructorAccessorImpl.newInstance0(Native Method)
	at java.base/jdk.internal.reflect.NativeConstructorAccessorImpl.newInstance(NativeConstructorAccessorImpl.java:77)
	at java.base/jdk.internal.reflect.DelegatingConstructorAccessorImpl.newInstance(DelegatingConstructorAccessorImpl.java:45)
	at org.openqa.selenium.remote.http.W3CHttpResponseCodec.createException(W3CHttpResponseCodec.java:187)
	at org.openqa.selenium.remote.http.W3CHttpResponseCodec.decode(W3CHttpResponseCodec.java:122)
	at org.openqa.selenium.remote.http.W3CHttpResponseCodec.decode(W3CHttpResponseCodec.java:49)
	at org.openqa.selenium.remote.HttpCommandExecutor.execute(HttpCommandExecutor.java:158)
	at io.appium.java_client.remote.AppiumCommandExecutor.execute(AppiumCommandExecutor.java:239)
	at org.openqa.selenium.remote.RemoteWebDriver.execute(RemoteWebDriver.java:552)
	at io.appium.java_client.DefaultGenericMobileDriver.execute(DefaultGenericMobileDriver.java:42)
	at io.appium.java_client.AppiumDriver.execute(AppiumDriver.java:1)
	at io.appium.java_client.ios.IOSDriver.execute(IOSDriver.java:1)
	at org.openqa.selenium.remote.RemoteWebDriver.findElement(RemoteWebDriver.java:323)
	at io.appium.java_client.DefaultGenericMobileDriver.findElement(DefaultGenericMobileDriver.java:62)
	at io.appium.java_client.AppiumDriver.findElement(AppiumDriver.java:1)
	at io.appium.java_client.ios.IOSDriver.findElement(IOSDriver.java:1)
	at org.openqa.selenium.remote.RemoteWebDriver.findElementByXPath(RemoteWebDriver.java:428)
	at io.appium.java_client.DefaultGenericMobileDriver.findElementByXPath(DefaultGenericMobileDriver.java:152)
	at io.appium.java_client.AppiumDriver.findElementByXPath(AppiumDriver.java:1)
	at io.appium.java_client.ios.IOSDriver.findElementByXPath(IOSDriver.java:1)
	at org.openqa.selenium.By$ByXPath.findElement(By.java:353)
	at org.openqa.selenium.remote.RemoteWebDriver.findElement(RemoteWebDriver.java:315)
	at io.appium.java_client.DefaultGenericMobileDriver.findElement(DefaultGenericMobileDriver.java:58)
	at io.appium.java_client.AppiumDriver.findElement(AppiumDriver.java:1)
	at io.appium.java_client.ios.IOSDriver.findElement(IOSDriver.java:1)
	at base.BaseKeyword$Trait$Helper.clickToElement(BaseKeyword.groovy:88)
	at screens.PDFSignScreen.clickToElement(PDFSignScreen.groovy)
	at screens.PDFSignScreen.selectPriority(PDFSignScreen.groovy:66)
	at 003 TAO YEU CAU KHONG CO ASSIGNER.run(003 TAO YEU CAU KHONG CO ASSIGNER:37)
	at com.kms.katalon.core.main.ScriptEngine.run(ScriptEngine.java:194)
	at com.kms.katalon.core.main.ScriptEngine.runScriptAsRawText(ScriptEngine.java:119)
	at com.kms.katalon.core.main.TestCaseExecutor.runScript(TestCaseExecutor.java:448)
	at com.kms.katalon.core.main.TestCaseExecutor.doExecute(TestCaseExecutor.java:439)
	at com.kms.katalon.core.main.TestCaseExecutor.processExecutionPhase(TestCaseExecutor.java:418)
	at com.kms.katalon.core.main.TestCaseExecutor.accessMainPhase(TestCaseExecutor.java:410)
	at com.kms.katalon.core.main.TestCaseExecutor.execute(TestCaseExecutor.java:285)
	at com.kms.katalon.core.common.CommonExecutor.accessTestCaseMainPhase(CommonExecutor.java:65)
	at com.kms.katalon.core.main.TestSuiteExecutor.accessTestSuiteMainPhase(TestSuiteExecutor.java:150)
	at com.kms.katalon.core.main.TestSuiteExecutor.execute(TestSuiteExecutor.java:106)
	at com.kms.katalon.core.main.TestCaseMain.startTestSuite(TestCaseMain.java:180)
	at TempTestSuite1747812374827.run(TempTestSuite1747812374827.groovy:35)
	at java.base/jdk.internal.reflect.NativeMethodAccessorImpl.invoke0(Native Method)
	at java.base/jdk.internal.reflect.NativeMethodAccessorImpl.invoke(NativeMethodAccessorImpl.java:77)
	at java.base/jdk.internal.reflect.DelegatingMethodAccessorImpl.invoke(DelegatingMethodAccessorImpl.java:43)
</message>
  <exception>
    <message>org.openqa.selenium.NoSuchElementException: An element could not be located on the page using the given search parameters.
For documentation on this error, please visit: https://www.seleniumhq.org/exceptions/no_such_element.html
Build info: version: '3.141.59', revision: 'unknown', time: 'unknown'
System info: host: 'Cuong-Mac.local', ip: 'fe80:0:0:0:c43:6797:ebf2:3aad%en0', os.name: 'Mac OS X', os.arch: 'aarch64', os.version: '15.5', java.version: '17.0.7'
Driver info: io.appium.java_client.ios.IOSDriver
Capabilities {automationName: XCUITest, browserName: , databaseEnabled: false, fullReset: false, javascriptEnabled: true, locationContextEnabled: false, networkConnectionEnabled: false, noReset: true, platform: MAC, platformName: iOS, platformVersion: 18.4, takesScreenshot: true, udid: 00008110-000C10543443801E, webStorageEnabled: false}
Session ID: e49e97e6-dfaf-46a8-bafc-54356870e48e
*** Element info: {Using=xpath, value=//XCUIElementTypeStaticText[@name='Ưu tiên']/parent::XCUIElementTypeOther//XCUIElementTypeStaticText[@name='Bình thường']//following-sibling::*[1]}</message>
    <frame>
      <class>jdk.internal.reflect.NativeConstructorAccessorImpl</class>
      <method>newInstance0</method>
    </frame>
    <frame>
      <class>jdk.internal.reflect.NativeConstructorAccessorImpl</class>
      <method>newInstance</method>
      <line>77</line>
    </frame>
    <frame>
      <class>jdk.internal.reflect.DelegatingConstructorAccessorImpl</class>
      <method>newInstance</method>
      <line>45</line>
    </frame>
    <frame>
      <class>org.openqa.selenium.remote.http.W3CHttpResponseCodec</class>
      <method>createException</method>
      <line>187</line>
    </frame>
    <frame>
      <class>org.openqa.selenium.remote.http.W3CHttpResponseCodec</class>
      <method>decode</method>
      <line>122</line>
    </frame>
    <frame>
      <class>org.openqa.selenium.remote.http.W3CHttpResponseCodec</class>
      <method>decode</method>
      <line>49</line>
    </frame>
    <frame>
      <class>org.openqa.selenium.remote.HttpCommandExecutor</class>
      <method>execute</method>
      <line>158</line>
    </frame>
    <frame>
      <class>io.appium.java_client.remote.AppiumCommandExecutor</class>
      <method>execute</method>
      <line>239</line>
    </frame>
    <frame>
      <class>org.openqa.selenium.remote.RemoteWebDriver</class>
      <method>execute</method>
      <line>552</line>
    </frame>
    <frame>
      <class>io.appium.java_client.DefaultGenericMobileDriver</class>
      <method>execute</method>
      <line>42</line>
    </frame>
    <frame>
      <class>io.appium.java_client.AppiumDriver</class>
      <method>execute</method>
      <line>1</line>
    </frame>
    <frame>
      <class>io.appium.java_client.ios.IOSDriver</class>
      <method>execute</method>
      <line>1</line>
    </frame>
    <frame>
      <class>org.openqa.selenium.remote.RemoteWebDriver</class>
      <method>findElement</method>
      <line>323</line>
    </frame>
    <frame>
      <class>io.appium.java_client.DefaultGenericMobileDriver</class>
      <method>findElement</method>
      <line>62</line>
    </frame>
    <frame>
      <class>io.appium.java_client.AppiumDriver</class>
      <method>findElement</method>
      <line>1</line>
    </frame>
    <frame>
      <class>io.appium.java_client.ios.IOSDriver</class>
      <method>findElement</method>
      <line>1</line>
    </frame>
    <frame>
      <class>org.openqa.selenium.remote.RemoteWebDriver</class>
      <method>findElementByXPath</method>
      <line>428</line>
    </frame>
    <frame>
      <class>io.appium.java_client.DefaultGenericMobileDriver</class>
      <method>findElementByXPath</method>
      <line>152</line>
    </frame>
    <frame>
      <class>io.appium.java_client.AppiumDriver</class>
      <method>findElementByXPath</method>
      <line>1</line>
    </frame>
    <frame>
      <class>io.appium.java_client.ios.IOSDriver</class>
      <method>findElementByXPath</method>
      <line>1</line>
    </frame>
    <frame>
      <class>org.openqa.selenium.By$ByXPath</class>
      <method>findElement</method>
      <line>353</line>
    </frame>
    <frame>
      <class>org.openqa.selenium.remote.RemoteWebDriver</class>
      <method>findElement</method>
      <line>315</line>
    </frame>
    <frame>
      <class>io.appium.java_client.DefaultGenericMobileDriver</class>
      <method>findElement</method>
      <line>58</line>
    </frame>
    <frame>
      <class>io.appium.java_client.AppiumDriver</class>
      <method>findElement</method>
      <line>1</line>
    </frame>
    <frame>
      <class>io.appium.java_client.ios.IOSDriver</class>
      <method>findElement</method>
      <line>1</line>
    </frame>
    <frame>
      <class>base.BaseKeyword$Trait$Helper</class>
      <method>clickToElement</method>
      <line>88</line>
    </frame>
    <frame>
      <class>screens.PDFSignScreen</class>
      <method>clickToElement</method>
    </frame>
    <frame>
      <class>screens.PDFSignScreen</class>
      <method>selectPriority</method>
      <line>66</line>
    </frame>
    <frame>
      <class>003 TAO YEU CAU KHONG CO ASSIGNER</class>
      <method>run</method>
      <line>37</line>
    </frame>
    <frame>
      <class>com.kms.katalon.core.main.ScriptEngine</class>
      <method>run</method>
      <line>194</line>
    </frame>
    <frame>
      <class>com.kms.katalon.core.main.ScriptEngine</class>
      <method>runScriptAsRawText</method>
      <line>119</line>
    </frame>
    <frame>
      <class>com.kms.katalon.core.main.TestCaseExecutor</class>
      <method>runScript</method>
      <line>448</line>
    </frame>
    <frame>
      <class>com.kms.katalon.core.main.TestCaseExecutor</class>
      <method>doExecute</method>
      <line>439</line>
    </frame>
    <frame>
      <class>com.kms.katalon.core.main.TestCaseExecutor</class>
      <method>processExecutionPhase</method>
      <line>418</line>
    </frame>
    <frame>
      <class>com.kms.katalon.core.main.TestCaseExecutor</class>
      <method>accessMainPhase</method>
      <line>410</line>
    </frame>
    <frame>
      <class>com.kms.katalon.core.main.TestCaseExecutor</class>
      <method>execute</method>
      <line>285</line>
    </frame>
    <frame>
      <class>com.kms.katalon.core.common.CommonExecutor</class>
      <method>accessTestCaseMainPhase</method>
      <line>65</line>
    </frame>
    <frame>
      <class>com.kms.katalon.core.main.TestSuiteExecutor</class>
      <method>accessTestSuiteMainPhase</method>
      <line>150</line>
    </frame>
    <frame>
      <class>com.kms.katalon.core.main.TestSuiteExecutor</class>
      <method>execute</method>
      <line>106</line>
    </frame>
    <frame>
      <class>com.kms.katalon.core.main.TestCaseMain</class>
      <method>startTestSuite</method>
      <line>180</line>
    </frame>
    <frame>
      <class>TempTestSuite1747812374827</class>
      <method>run</method>
      <line>35</line>
    </frame>
    <frame>
      <class>jdk.internal.reflect.NativeMethodAccessorImpl</class>
      <method>invoke0</method>
    </frame>
    <frame>
      <class>jdk.internal.reflect.NativeMethodAccessorImpl</class>
      <method>invoke</method>
      <line>77</line>
    </frame>
    <frame>
      <class>jdk.internal.reflect.DelegatingMethodAccessorImpl</class>
      <method>invoke</method>
      <line>43</line>
    </frame>
  </exception>
  <nestedLevel>0</nestedLevel>
  <escapedJava>false</escapedJava>
  <property name="failed.exception.stacktrace">org.openqa.selenium.NoSuchElementException: An element could not be located on the page using the given search parameters.
For documentation on this error, please visit: https://www.seleniumhq.org/exceptions/no_such_element.html
Build info: version: &apos;3.141.59&apos;, revision: &apos;unknown&apos;, time: &apos;unknown&apos;
System info: host: &apos;Cuong-Mac.local&apos;, ip: &apos;fe80:0:0:0:c43:6797:ebf2:3aad%en0&apos;, os.name: &apos;Mac OS X&apos;, os.arch: &apos;aarch64&apos;, os.version: &apos;15.5&apos;, java.version: &apos;17.0.7&apos;
Driver info: io.appium.java_client.ios.IOSDriver
Capabilities {automationName: XCUITest, browserName: , databaseEnabled: false, fullReset: false, javascriptEnabled: true, locationContextEnabled: false, networkConnectionEnabled: false, noReset: true, platform: MAC, platformName: iOS, platformVersion: 18.4, takesScreenshot: true, udid: 00008110-000C10543443801E, webStorageEnabled: false}
Session ID: e49e97e6-dfaf-46a8-bafc-54356870e48e
*** Element info: {Using=xpath, value=//XCUIElementTypeStaticText[@name=&apos;Ưu tiên&apos;]/parent::XCUIElementTypeOther//XCUIElementTypeStaticText[@name=&apos;Bình thường&apos;]//following-sibling::*[1]}
	at java.base/jdk.internal.reflect.NativeConstructorAccessorImpl.newInstance0(Native Method)
	at java.base/jdk.internal.reflect.NativeConstructorAccessorImpl.newInstance(NativeConstructorAccessorImpl.java:77)
	at java.base/jdk.internal.reflect.DelegatingConstructorAccessorImpl.newInstance(DelegatingConstructorAccessorImpl.java:45)
	at org.openqa.selenium.remote.http.W3CHttpResponseCodec.createException(W3CHttpResponseCodec.java:187)
	at org.openqa.selenium.remote.http.W3CHttpResponseCodec.decode(W3CHttpResponseCodec.java:122)
	at org.openqa.selenium.remote.http.W3CHttpResponseCodec.decode(W3CHttpResponseCodec.java:49)
	at org.openqa.selenium.remote.HttpCommandExecutor.execute(HttpCommandExecutor.java:158)
	at io.appium.java_client.remote.AppiumCommandExecutor.execute(AppiumCommandExecutor.java:239)
	at org.openqa.selenium.remote.RemoteWebDriver.execute(RemoteWebDriver.java:552)
	at io.appium.java_client.DefaultGenericMobileDriver.execute(DefaultGenericMobileDriver.java:42)
	at io.appium.java_client.AppiumDriver.execute(AppiumDriver.java:1)
	at io.appium.java_client.ios.IOSDriver.execute(IOSDriver.java:1)
	at org.openqa.selenium.remote.RemoteWebDriver.findElement(RemoteWebDriver.java:323)
	at io.appium.java_client.DefaultGenericMobileDriver.findElement(DefaultGenericMobileDriver.java:62)
	at io.appium.java_client.AppiumDriver.findElement(AppiumDriver.java:1)
	at io.appium.java_client.ios.IOSDriver.findElement(IOSDriver.java:1)
	at org.openqa.selenium.remote.RemoteWebDriver.findElementByXPath(RemoteWebDriver.java:428)
	at io.appium.java_client.DefaultGenericMobileDriver.findElementByXPath(DefaultGenericMobileDriver.java:152)
	at io.appium.java_client.AppiumDriver.findElementByXPath(AppiumDriver.java:1)
	at io.appium.java_client.ios.IOSDriver.findElementByXPath(IOSDriver.java:1)
	at org.openqa.selenium.By$ByXPath.findElement(By.java:353)
	at org.openqa.selenium.remote.RemoteWebDriver.findElement(RemoteWebDriver.java:315)
	at io.appium.java_client.DefaultGenericMobileDriver.findElement(DefaultGenericMobileDriver.java:58)
	at io.appium.java_client.AppiumDriver.findElement(AppiumDriver.java:1)
	at io.appium.java_client.ios.IOSDriver.findElement(IOSDriver.java:1)
	at base.BaseKeyword$Trait$Helper.clickToElement(BaseKeyword.groovy:88)
	at screens.PDFSignScreen.clickToElement(PDFSignScreen.groovy)
	at screens.PDFSignScreen.selectPriority(PDFSignScreen.groovy:66)
	at 003 TAO YEU CAU KHONG CO ASSIGNER.run(003 TAO YEU CAU KHONG CO ASSIGNER:37)
	at com.kms.katalon.core.main.ScriptEngine.run(ScriptEngine.java:194)
	at com.kms.katalon.core.main.ScriptEngine.runScriptAsRawText(ScriptEngine.java:119)
	at com.kms.katalon.core.main.TestCaseExecutor.runScript(TestCaseExecutor.java:448)
	at com.kms.katalon.core.main.TestCaseExecutor.doExecute(TestCaseExecutor.java:439)
	at com.kms.katalon.core.main.TestCaseExecutor.processExecutionPhase(TestCaseExecutor.java:418)
	at com.kms.katalon.core.main.TestCaseExecutor.accessMainPhase(TestCaseExecutor.java:410)
	at com.kms.katalon.core.main.TestCaseExecutor.execute(TestCaseExecutor.java:285)
	at com.kms.katalon.core.common.CommonExecutor.accessTestCaseMainPhase(CommonExecutor.java:65)
	at com.kms.katalon.core.main.TestSuiteExecutor.accessTestSuiteMainPhase(TestSuiteExecutor.java:150)
	at com.kms.katalon.core.main.TestSuiteExecutor.execute(TestSuiteExecutor.java:106)
	at com.kms.katalon.core.main.TestCaseMain.startTestSuite(TestCaseMain.java:180)
	at TempTestSuite1747812374827.run(TempTestSuite1747812374827.groovy:35)
	at java.base/jdk.internal.reflect.NativeMethodAccessorImpl.invoke0(Native Method)
	at java.base/jdk.internal.reflect.NativeMethodAccessorImpl.invoke(NativeMethodAccessorImpl.java:77)
	at java.base/jdk.internal.reflect.DelegatingMethodAccessorImpl.invoke(DelegatingMethodAccessorImpl.java:43)
</property>
  <property name="failed.exception.class">org.openqa.selenium.NoSuchElementException</property>
  <property name="failed.exception.message">An element could not be located on the page using the given search parameters.
For documentation on this error, please visit: https://www.seleniumhq.org/exceptions/no_such_element.html
Build info: version: &apos;3.141.59&apos;, revision: &apos;unknown&apos;, time: &apos;unknown&apos;
System info: host: &apos;Cuong-Mac.local&apos;, ip: &apos;fe80:0:0:0:c43:6797:ebf2:3aad%en0&apos;, os.name: &apos;Mac OS X&apos;, os.arch: &apos;aarch64&apos;, os.version: &apos;15.5&apos;, java.version: &apos;17.0.7&apos;
Driver info: io.appium.java_client.ios.IOSDriver
Capabilities {automationName: XCUITest, browserName: , databaseEnabled: false, fullReset: false, javascriptEnabled: true, locationContextEnabled: false, networkConnectionEnabled: false, noReset: true, platform: MAC, platformName: iOS, platformVersion: 18.4, takesScreenshot: true, udid: 00008110-000C10543443801E, webStorageEnabled: false}
Session ID: e49e97e6-dfaf-46a8-bafc-54356870e48e
*** Element info: {Using=xpath, value=//XCUIElementTypeStaticText[@name=&apos;Ưu tiên&apos;]/parent::XCUIElementTypeOther//XCUIElementTypeStaticText[@name=&apos;Bình thường&apos;]//following-sibling::*[1]}</property>
</record>
<record>
  <date>2025-05-21T07:26:46.970221Z</date>
  <millis>1747812406970</millis>
  <nanos>221000</nanos>
  <sequence>89</sequence>
  <level>END</level>
  <class>com.kms.katalon.core.logging.XmlKeywordLogger</class>
  <method>endKeyword</method>
  <thread>1</thread>
  <message>End action : pdfSignScreen.selectPriority(priority)</message>
  <nestedLevel>1</nestedLevel>
  <escapedJava>false</escapedJava>
</record>
<record>
  <date>2025-05-21T07:26:46.971495Z</date>
  <millis>1747812406971</millis>
  <nanos>495000</nanos>
  <sequence>91</sequence>
  <level>ERROR</level>
  <class>com.kms.katalon.core.logging.XmlKeywordLogger</class>
  <method>logMessage</method>
  <thread>1</thread>
  <message>Test Cases/IPAPER APP/003 TAO YEU CAU KHONG CO ASSIGNER FAILED.
Reason:
org.openqa.selenium.NoSuchElementException: An element could not be located on the page using the given search parameters.
For documentation on this error, please visit: https://www.seleniumhq.org/exceptions/no_such_element.html
Build info: version: &amp;apos;3.141.59&amp;apos;, revision: &amp;apos;unknown&amp;apos;, time: &amp;apos;unknown&amp;apos;
System info: host: &amp;apos;Cuong-Mac.local&amp;apos;, ip: &amp;apos;fe80:0:0:0:c43:6797:ebf2:3aad%en0&amp;apos;, os.name: &amp;apos;Mac OS X&amp;apos;, os.arch: &amp;apos;aarch64&amp;apos;, os.version: &amp;apos;15.5&amp;apos;, java.version: &amp;apos;17.0.7&amp;apos;
Driver info: io.appium.java_client.ios.IOSDriver
Capabilities {automationName: XCUITest, browserName: , databaseEnabled: false, fullReset: false, javascriptEnabled: true, locationContextEnabled: false, networkConnectionEnabled: false, noReset: true, platform: MAC, platformName: iOS, platformVersion: 18.4, takesScreenshot: true, udid: 00008110-000C10543443801E, webStorageEnabled: false}
Session ID: e49e97e6-dfaf-46a8-bafc-54356870e48e
*** Element info: {Using=xpath, value=//XCUIElementTypeStaticText[@name=&amp;apos;Ưu tiên&amp;apos;]/parent::XCUIElementTypeOther//XCUIElementTypeStaticText[@name=&amp;apos;Bình thường&amp;apos;]//following-sibling::*[1]}
	at java.base/jdk.internal.reflect.NativeConstructorAccessorImpl.newInstance0(Native Method)
	at java.base/jdk.internal.reflect.NativeConstructorAccessorImpl.newInstance(NativeConstructorAccessorImpl.java:77)
	at java.base/jdk.internal.reflect.DelegatingConstructorAccessorImpl.newInstance(DelegatingConstructorAccessorImpl.java:45)
	at org.openqa.selenium.remote.http.W3CHttpResponseCodec.createException(W3CHttpResponseCodec.java:187)
	at org.openqa.selenium.remote.http.W3CHttpResponseCodec.decode(W3CHttpResponseCodec.java:122)
	at org.openqa.selenium.remote.http.W3CHttpResponseCodec.decode(W3CHttpResponseCodec.java:49)
	at org.openqa.selenium.remote.HttpCommandExecutor.execute(HttpCommandExecutor.java:158)
	at io.appium.java_client.remote.AppiumCommandExecutor.execute(AppiumCommandExecutor.java:239)
	at org.openqa.selenium.remote.RemoteWebDriver.execute(RemoteWebDriver.java:552)
	at io.appium.java_client.DefaultGenericMobileDriver.execute(DefaultGenericMobileDriver.java:42)
	at io.appium.java_client.AppiumDriver.execute(AppiumDriver.java:1)
	at io.appium.java_client.ios.IOSDriver.execute(IOSDriver.java:1)
	at org.openqa.selenium.remote.RemoteWebDriver.findElement(RemoteWebDriver.java:323)
	at io.appium.java_client.DefaultGenericMobileDriver.findElement(DefaultGenericMobileDriver.java:62)
	at io.appium.java_client.AppiumDriver.findElement(AppiumDriver.java:1)
	at io.appium.java_client.ios.IOSDriver.findElement(IOSDriver.java:1)
	at org.openqa.selenium.remote.RemoteWebDriver.findElementByXPath(RemoteWebDriver.java:428)
	at io.appium.java_client.DefaultGenericMobileDriver.findElementByXPath(DefaultGenericMobileDriver.java:152)
	at io.appium.java_client.AppiumDriver.findElementByXPath(AppiumDriver.java:1)
	at io.appium.java_client.ios.IOSDriver.findElementByXPath(IOSDriver.java:1)
	at org.openqa.selenium.By$ByXPath.findElement(By.java:353)
	at org.openqa.selenium.remote.RemoteWebDriver.findElement(RemoteWebDriver.java:315)
	at io.appium.java_client.DefaultGenericMobileDriver.findElement(DefaultGenericMobileDriver.java:58)
	at io.appium.java_client.AppiumDriver.findElement(AppiumDriver.java:1)
	at io.appium.java_client.ios.IOSDriver.findElement(IOSDriver.java:1)
	at base.BaseKeyword$Trait$Helper.clickToElement(BaseKeyword.groovy:88)
	at screens.PDFSignScreen.clickToElement(PDFSignScreen.groovy)
	at screens.PDFSignScreen.selectPriority(PDFSignScreen.groovy:66)
	at 003 TAO YEU CAU KHONG CO ASSIGNER.run(003 TAO YEU CAU KHONG CO ASSIGNER:37)
	at com.kms.katalon.core.main.ScriptEngine.run(ScriptEngine.java:194)
	at com.kms.katalon.core.main.ScriptEngine.runScriptAsRawText(ScriptEngine.java:119)
	at com.kms.katalon.core.main.TestCaseExecutor.runScript(TestCaseExecutor.java:448)
	at com.kms.katalon.core.main.TestCaseExecutor.doExecute(TestCaseExecutor.java:439)
	at com.kms.katalon.core.main.TestCaseExecutor.processExecutionPhase(TestCaseExecutor.java:418)
	at com.kms.katalon.core.main.TestCaseExecutor.accessMainPhase(TestCaseExecutor.java:410)
	at com.kms.katalon.core.main.TestCaseExecutor.execute(TestCaseExecutor.java:285)
	at com.kms.katalon.core.common.CommonExecutor.accessTestCaseMainPhase(CommonExecutor.java:65)
	at com.kms.katalon.core.main.TestSuiteExecutor.accessTestSuiteMainPhase(TestSuiteExecutor.java:150)
	at com.kms.katalon.core.main.TestSuiteExecutor.execute(TestSuiteExecutor.java:106)
	at com.kms.katalon.core.main.TestCaseMain.startTestSuite(TestCaseMain.java:180)
	at TempTestSuite1747812374827.run(TempTestSuite1747812374827.groovy:35)
	at java.base/jdk.internal.reflect.NativeMethodAccessorImpl.invoke0(Native Method)
	at java.base/jdk.internal.reflect.NativeMethodAccessorImpl.invoke(NativeMethodAccessorImpl.java:77)
	at java.base/jdk.internal.reflect.DelegatingMethodAccessorImpl.invoke(DelegatingMethodAccessorImpl.java:43)
</message>
  <exception>
    <message>org.openqa.selenium.NoSuchElementException: An element could not be located on the page using the given search parameters.
For documentation on this error, please visit: https://www.seleniumhq.org/exceptions/no_such_element.html
Build info: version: '3.141.59', revision: 'unknown', time: 'unknown'
System info: host: 'Cuong-Mac.local', ip: 'fe80:0:0:0:c43:6797:ebf2:3aad%en0', os.name: 'Mac OS X', os.arch: 'aarch64', os.version: '15.5', java.version: '17.0.7'
Driver info: io.appium.java_client.ios.IOSDriver
Capabilities {automationName: XCUITest, browserName: , databaseEnabled: false, fullReset: false, javascriptEnabled: true, locationContextEnabled: false, networkConnectionEnabled: false, noReset: true, platform: MAC, platformName: iOS, platformVersion: 18.4, takesScreenshot: true, udid: 00008110-000C10543443801E, webStorageEnabled: false}
Session ID: e49e97e6-dfaf-46a8-bafc-54356870e48e
*** Element info: {Using=xpath, value=//XCUIElementTypeStaticText[@name='Ưu tiên']/parent::XCUIElementTypeOther//XCUIElementTypeStaticText[@name='Bình thường']//following-sibling::*[1]}</message>
    <frame>
      <class>jdk.internal.reflect.NativeConstructorAccessorImpl</class>
      <method>newInstance0</method>
    </frame>
    <frame>
      <class>jdk.internal.reflect.NativeConstructorAccessorImpl</class>
      <method>newInstance</method>
      <line>77</line>
    </frame>
    <frame>
      <class>jdk.internal.reflect.DelegatingConstructorAccessorImpl</class>
      <method>newInstance</method>
      <line>45</line>
    </frame>
    <frame>
      <class>org.openqa.selenium.remote.http.W3CHttpResponseCodec</class>
      <method>createException</method>
      <line>187</line>
    </frame>
    <frame>
      <class>org.openqa.selenium.remote.http.W3CHttpResponseCodec</class>
      <method>decode</method>
      <line>122</line>
    </frame>
    <frame>
      <class>org.openqa.selenium.remote.http.W3CHttpResponseCodec</class>
      <method>decode</method>
      <line>49</line>
    </frame>
    <frame>
      <class>org.openqa.selenium.remote.HttpCommandExecutor</class>
      <method>execute</method>
      <line>158</line>
    </frame>
    <frame>
      <class>io.appium.java_client.remote.AppiumCommandExecutor</class>
      <method>execute</method>
      <line>239</line>
    </frame>
    <frame>
      <class>org.openqa.selenium.remote.RemoteWebDriver</class>
      <method>execute</method>
      <line>552</line>
    </frame>
    <frame>
      <class>io.appium.java_client.DefaultGenericMobileDriver</class>
      <method>execute</method>
      <line>42</line>
    </frame>
    <frame>
      <class>io.appium.java_client.AppiumDriver</class>
      <method>execute</method>
      <line>1</line>
    </frame>
    <frame>
      <class>io.appium.java_client.ios.IOSDriver</class>
      <method>execute</method>
      <line>1</line>
    </frame>
    <frame>
      <class>org.openqa.selenium.remote.RemoteWebDriver</class>
      <method>findElement</method>
      <line>323</line>
    </frame>
    <frame>
      <class>io.appium.java_client.DefaultGenericMobileDriver</class>
      <method>findElement</method>
      <line>62</line>
    </frame>
    <frame>
      <class>io.appium.java_client.AppiumDriver</class>
      <method>findElement</method>
      <line>1</line>
    </frame>
    <frame>
      <class>io.appium.java_client.ios.IOSDriver</class>
      <method>findElement</method>
      <line>1</line>
    </frame>
    <frame>
      <class>org.openqa.selenium.remote.RemoteWebDriver</class>
      <method>findElementByXPath</method>
      <line>428</line>
    </frame>
    <frame>
      <class>io.appium.java_client.DefaultGenericMobileDriver</class>
      <method>findElementByXPath</method>
      <line>152</line>
    </frame>
    <frame>
      <class>io.appium.java_client.AppiumDriver</class>
      <method>findElementByXPath</method>
      <line>1</line>
    </frame>
    <frame>
      <class>io.appium.java_client.ios.IOSDriver</class>
      <method>findElementByXPath</method>
      <line>1</line>
    </frame>
    <frame>
      <class>org.openqa.selenium.By$ByXPath</class>
      <method>findElement</method>
      <line>353</line>
    </frame>
    <frame>
      <class>org.openqa.selenium.remote.RemoteWebDriver</class>
      <method>findElement</method>
      <line>315</line>
    </frame>
    <frame>
      <class>io.appium.java_client.DefaultGenericMobileDriver</class>
      <method>findElement</method>
      <line>58</line>
    </frame>
    <frame>
      <class>io.appium.java_client.AppiumDriver</class>
      <method>findElement</method>
      <line>1</line>
    </frame>
    <frame>
      <class>io.appium.java_client.ios.IOSDriver</class>
      <method>findElement</method>
      <line>1</line>
    </frame>
    <frame>
      <class>base.BaseKeyword$Trait$Helper</class>
      <method>clickToElement</method>
      <line>88</line>
    </frame>
    <frame>
      <class>screens.PDFSignScreen</class>
      <method>clickToElement</method>
    </frame>
    <frame>
      <class>screens.PDFSignScreen</class>
      <method>selectPriority</method>
      <line>66</line>
    </frame>
    <frame>
      <class>003 TAO YEU CAU KHONG CO ASSIGNER</class>
      <method>run</method>
      <line>37</line>
    </frame>
    <frame>
      <class>com.kms.katalon.core.main.ScriptEngine</class>
      <method>run</method>
      <line>194</line>
    </frame>
    <frame>
      <class>com.kms.katalon.core.main.ScriptEngine</class>
      <method>runScriptAsRawText</method>
      <line>119</line>
    </frame>
    <frame>
      <class>com.kms.katalon.core.main.TestCaseExecutor</class>
      <method>runScript</method>
      <line>448</line>
    </frame>
    <frame>
      <class>com.kms.katalon.core.main.TestCaseExecutor</class>
      <method>doExecute</method>
      <line>439</line>
    </frame>
    <frame>
      <class>com.kms.katalon.core.main.TestCaseExecutor</class>
      <method>processExecutionPhase</method>
      <line>418</line>
    </frame>
    <frame>
      <class>com.kms.katalon.core.main.TestCaseExecutor</class>
      <method>accessMainPhase</method>
      <line>410</line>
    </frame>
    <frame>
      <class>com.kms.katalon.core.main.TestCaseExecutor</class>
      <method>execute</method>
      <line>285</line>
    </frame>
    <frame>
      <class>com.kms.katalon.core.common.CommonExecutor</class>
      <method>accessTestCaseMainPhase</method>
      <line>65</line>
    </frame>
    <frame>
      <class>com.kms.katalon.core.main.TestSuiteExecutor</class>
      <method>accessTestSuiteMainPhase</method>
      <line>150</line>
    </frame>
    <frame>
      <class>com.kms.katalon.core.main.TestSuiteExecutor</class>
      <method>execute</method>
      <line>106</line>
    </frame>
    <frame>
      <class>com.kms.katalon.core.main.TestCaseMain</class>
      <method>startTestSuite</method>
      <line>180</line>
    </frame>
    <frame>
      <class>TempTestSuite1747812374827</class>
      <method>run</method>
      <line>35</line>
    </frame>
    <frame>
      <class>jdk.internal.reflect.NativeMethodAccessorImpl</class>
      <method>invoke0</method>
    </frame>
    <frame>
      <class>jdk.internal.reflect.NativeMethodAccessorImpl</class>
      <method>invoke</method>
      <line>77</line>
    </frame>
    <frame>
      <class>jdk.internal.reflect.DelegatingMethodAccessorImpl</class>
      <method>invoke</method>
      <line>43</line>
    </frame>
  </exception>
  <nestedLevel>0</nestedLevel>
  <escapedJava>false</escapedJava>
  <property name="failed.exception.stacktrace">org.openqa.selenium.NoSuchElementException: An element could not be located on the page using the given search parameters.
For documentation on this error, please visit: https://www.seleniumhq.org/exceptions/no_such_element.html
Build info: version: &apos;3.141.59&apos;, revision: &apos;unknown&apos;, time: &apos;unknown&apos;
System info: host: &apos;Cuong-Mac.local&apos;, ip: &apos;fe80:0:0:0:c43:6797:ebf2:3aad%en0&apos;, os.name: &apos;Mac OS X&apos;, os.arch: &apos;aarch64&apos;, os.version: &apos;15.5&apos;, java.version: &apos;17.0.7&apos;
Driver info: io.appium.java_client.ios.IOSDriver
Capabilities {automationName: XCUITest, browserName: , databaseEnabled: false, fullReset: false, javascriptEnabled: true, locationContextEnabled: false, networkConnectionEnabled: false, noReset: true, platform: MAC, platformName: iOS, platformVersion: 18.4, takesScreenshot: true, udid: 00008110-000C10543443801E, webStorageEnabled: false}
Session ID: e49e97e6-dfaf-46a8-bafc-54356870e48e
*** Element info: {Using=xpath, value=//XCUIElementTypeStaticText[@name=&apos;Ưu tiên&apos;]/parent::XCUIElementTypeOther//XCUIElementTypeStaticText[@name=&apos;Bình thường&apos;]//following-sibling::*[1]}
	at java.base/jdk.internal.reflect.NativeConstructorAccessorImpl.newInstance0(Native Method)
	at java.base/jdk.internal.reflect.NativeConstructorAccessorImpl.newInstance(NativeConstructorAccessorImpl.java:77)
	at java.base/jdk.internal.reflect.DelegatingConstructorAccessorImpl.newInstance(DelegatingConstructorAccessorImpl.java:45)
	at org.openqa.selenium.remote.http.W3CHttpResponseCodec.createException(W3CHttpResponseCodec.java:187)
	at org.openqa.selenium.remote.http.W3CHttpResponseCodec.decode(W3CHttpResponseCodec.java:122)
	at org.openqa.selenium.remote.http.W3CHttpResponseCodec.decode(W3CHttpResponseCodec.java:49)
	at org.openqa.selenium.remote.HttpCommandExecutor.execute(HttpCommandExecutor.java:158)
	at io.appium.java_client.remote.AppiumCommandExecutor.execute(AppiumCommandExecutor.java:239)
	at org.openqa.selenium.remote.RemoteWebDriver.execute(RemoteWebDriver.java:552)
	at io.appium.java_client.DefaultGenericMobileDriver.execute(DefaultGenericMobileDriver.java:42)
	at io.appium.java_client.AppiumDriver.execute(AppiumDriver.java:1)
	at io.appium.java_client.ios.IOSDriver.execute(IOSDriver.java:1)
	at org.openqa.selenium.remote.RemoteWebDriver.findElement(RemoteWebDriver.java:323)
	at io.appium.java_client.DefaultGenericMobileDriver.findElement(DefaultGenericMobileDriver.java:62)
	at io.appium.java_client.AppiumDriver.findElement(AppiumDriver.java:1)
	at io.appium.java_client.ios.IOSDriver.findElement(IOSDriver.java:1)
	at org.openqa.selenium.remote.RemoteWebDriver.findElementByXPath(RemoteWebDriver.java:428)
	at io.appium.java_client.DefaultGenericMobileDriver.findElementByXPath(DefaultGenericMobileDriver.java:152)
	at io.appium.java_client.AppiumDriver.findElementByXPath(AppiumDriver.java:1)
	at io.appium.java_client.ios.IOSDriver.findElementByXPath(IOSDriver.java:1)
	at org.openqa.selenium.By$ByXPath.findElement(By.java:353)
	at org.openqa.selenium.remote.RemoteWebDriver.findElement(RemoteWebDriver.java:315)
	at io.appium.java_client.DefaultGenericMobileDriver.findElement(DefaultGenericMobileDriver.java:58)
	at io.appium.java_client.AppiumDriver.findElement(AppiumDriver.java:1)
	at io.appium.java_client.ios.IOSDriver.findElement(IOSDriver.java:1)
	at base.BaseKeyword$Trait$Helper.clickToElement(BaseKeyword.groovy:88)
	at screens.PDFSignScreen.clickToElement(PDFSignScreen.groovy)
	at screens.PDFSignScreen.selectPriority(PDFSignScreen.groovy:66)
	at 003 TAO YEU CAU KHONG CO ASSIGNER.run(003 TAO YEU CAU KHONG CO ASSIGNER:37)
	at com.kms.katalon.core.main.ScriptEngine.run(ScriptEngine.java:194)
	at com.kms.katalon.core.main.ScriptEngine.runScriptAsRawText(ScriptEngine.java:119)
	at com.kms.katalon.core.main.TestCaseExecutor.runScript(TestCaseExecutor.java:448)
	at com.kms.katalon.core.main.TestCaseExecutor.doExecute(TestCaseExecutor.java:439)
	at com.kms.katalon.core.main.TestCaseExecutor.processExecutionPhase(TestCaseExecutor.java:418)
	at com.kms.katalon.core.main.TestCaseExecutor.accessMainPhase(TestCaseExecutor.java:410)
	at com.kms.katalon.core.main.TestCaseExecutor.execute(TestCaseExecutor.java:285)
	at com.kms.katalon.core.common.CommonExecutor.accessTestCaseMainPhase(CommonExecutor.java:65)
	at com.kms.katalon.core.main.TestSuiteExecutor.accessTestSuiteMainPhase(TestSuiteExecutor.java:150)
	at com.kms.katalon.core.main.TestSuiteExecutor.execute(TestSuiteExecutor.java:106)
	at com.kms.katalon.core.main.TestCaseMain.startTestSuite(TestCaseMain.java:180)
	at TempTestSuite1747812374827.run(TempTestSuite1747812374827.groovy:35)
	at java.base/jdk.internal.reflect.NativeMethodAccessorImpl.invoke0(Native Method)
	at java.base/jdk.internal.reflect.NativeMethodAccessorImpl.invoke(NativeMethodAccessorImpl.java:77)
	at java.base/jdk.internal.reflect.DelegatingMethodAccessorImpl.invoke(DelegatingMethodAccessorImpl.java:43)
</property>
  <property name="failed.exception.class">org.openqa.selenium.NoSuchElementException</property>
  <property name="failed.exception.message">An element could not be located on the page using the given search parameters.
For documentation on this error, please visit: https://www.seleniumhq.org/exceptions/no_such_element.html
Build info: version: &apos;3.141.59&apos;, revision: &apos;unknown&apos;, time: &apos;unknown&apos;
System info: host: &apos;Cuong-Mac.local&apos;, ip: &apos;fe80:0:0:0:c43:6797:ebf2:3aad%en0&apos;, os.name: &apos;Mac OS X&apos;, os.arch: &apos;aarch64&apos;, os.version: &apos;15.5&apos;, java.version: &apos;17.0.7&apos;
Driver info: io.appium.java_client.ios.IOSDriver
Capabilities {automationName: XCUITest, browserName: , databaseEnabled: false, fullReset: false, javascriptEnabled: true, locationContextEnabled: false, networkConnectionEnabled: false, noReset: true, platform: MAC, platformName: iOS, platformVersion: 18.4, takesScreenshot: true, udid: 00008110-000C10543443801E, webStorageEnabled: false}
Session ID: e49e97e6-dfaf-46a8-bafc-54356870e48e
*** Element info: {Using=xpath, value=//XCUIElementTypeStaticText[@name=&apos;Ưu tiên&apos;]/parent::XCUIElementTypeOther//XCUIElementTypeStaticText[@name=&apos;Bình thường&apos;]//following-sibling::*[1]}</property>
</record>
<record>
  <date>2025-05-21T07:26:46.975449Z</date>
  <millis>1747812406975</millis>
  <nanos>449000</nanos>
  <sequence>93</sequence>
  <level>START</level>
  <class>com.kms.katalon.core.logging.XmlKeywordLogger</class>
  <method>startKeyword</method>
  <thread>1</thread>
  <message>Start listener action : afterTest</message>
  <nestedLevel>1</nestedLevel>
  <escapedJava>false</escapedJava>
</record>
<record>
  <date>2025-05-21T07:26:46.976207Z</date>
  <millis>1747812406976</millis>
  <nanos>207000</nanos>
  <sequence>95</sequence>
  <level>START</level>
  <class>com.kms.katalon.core.logging.XmlKeywordLogger</class>
  <method>startKeyword</method>
  <thread>1</thread>
  <message>Start action : if (testCaseStatus != &amp;quot;PASSED&amp;quot;)</message>
  <nestedLevel>1</nestedLevel>
  <escapedJava>false</escapedJava>
  <property name="startLine">44</property>
  <property name="stepIndex">1</property>
</record>
<record>
  <date>2025-05-21T07:26:46.976775Z</date>
  <millis>1747812406976</millis>
  <nanos>775000</nanos>
  <sequence>96</sequence>
  <level>START</level>
  <class>com.kms.katalon.core.logging.XmlKeywordLogger</class>
  <method>startKeyword</method>
  <thread>1</thread>
  <message>Start action : takeScreenshot(ErrorScreen/$GlobalVariable.PLATFORM/$testCaseContext.getTestCaseId().png)</message>
  <nestedLevel>2</nestedLevel>
  <escapedJava>false</escapedJava>
  <property name="startLine">45</property>
  <property name="stepIndex">1</property>
</record>
<record>
  <date>2025-05-21T07:26:52.525148Z</date>
  <millis>1747812412525</millis>
  <nanos>148000</nanos>
  <sequence>97</sequence>
  <level>PASSED</level>
  <class>com.kms.katalon.core.logging.XmlKeywordLogger</class>
  <method>logMessage</method>
  <thread>1</thread>
  <message>Screenshot is taken</message>
  <nestedLevel>1</nestedLevel>
  <escapedJava>false</escapedJava>
  <property name="attachment">ErrorScreen/iOS/Test Cases/IPAPER APP/003 TAO YEU CAU KHONG CO ASSIGNER.png</property>
  <property name="testops-method-name">com.kms.katalon.core.mobile.keyword.builtin.TakeScreenshotKeyword.takeScreenshot</property>
  <property name="testops-execution-stacktrace"></property>
</record>
<record>
  <date>2025-05-21T07:26:52.529969Z</date>
  <millis>1747812412529</millis>
  <nanos>969000</nanos>
  <sequence>98</sequence>
  <level>END</level>
  <class>com.kms.katalon.core.logging.XmlKeywordLogger</class>
  <method>endKeyword</method>
  <thread>1</thread>
  <message>End action : takeScreenshot(ErrorScreen/$GlobalVariable.PLATFORM/$testCaseContext.getTestCaseId().png)</message>
  <nestedLevel>2</nestedLevel>
  <escapedJava>false</escapedJava>
</record>
<record>
  <date>2025-05-21T07:26:52.530169Z</date>
  <millis>1747812412530</millis>
  <nanos>169000</nanos>
  <sequence>99</sequence>
  <level>END</level>
  <class>com.kms.katalon.core.logging.XmlKeywordLogger</class>
  <method>endKeyword</method>
  <thread>1</thread>
  <message>End action : if (testCaseStatus != &amp;quot;PASSED&amp;quot;)</message>
  <nestedLevel>1</nestedLevel>
  <escapedJava>false</escapedJava>
</record>
<record>
  <date>2025-05-21T07:26:52.530318Z</date>
  <millis>1747812412530</millis>
  <nanos>318000</nanos>
  <sequence>100</sequence>
  <level>START</level>
  <class>com.kms.katalon.core.logging.XmlKeywordLogger</class>
  <method>startKeyword</method>
  <thread>1</thread>
  <message>Start action : drivers.Driver.closeApp()</message>
  <nestedLevel>1</nestedLevel>
  <escapedJava>false</escapedJava>
  <property name="startLine">47</property>
  <property name="stepIndex">2</property>
</record>
<record>
  <date>2025-05-21T07:26:53.551062Z</date>
  <millis>1747812413551</millis>
  <nanos>62000</nanos>
  <sequence>101</sequence>
  <level>PASSED</level>
  <class>com.kms.katalon.core.logging.XmlKeywordLogger</class>
  <method>logMessage</method>
  <thread>1</thread>
  <message>drivers.Driver.closeApp is PASSED</message>
  <nestedLevel>1</nestedLevel>
  <escapedJava>false</escapedJava>
</record>
<record>
  <date>2025-05-21T07:26:53.552893Z</date>
  <millis>1747812413552</millis>
  <nanos>893000</nanos>
  <sequence>102</sequence>
  <level>END</level>
  <class>com.kms.katalon.core.logging.XmlKeywordLogger</class>
  <method>endKeyword</method>
  <thread>1</thread>
  <message>End action : drivers.Driver.closeApp()</message>
  <nestedLevel>1</nestedLevel>
  <escapedJava>false</escapedJava>
</record>
<record>
  <date>2025-05-21T07:26:53.553391Z</date>
  <millis>1747812413553</millis>
  <nanos>391000</nanos>
  <sequence>103</sequence>
  <level>START</level>
  <class>com.kms.katalon.core.logging.XmlKeywordLogger</class>
  <method>startKeyword</method>
  <thread>1</thread>
  <message>Start action : if (tsContext == null)</message>
  <nestedLevel>1</nestedLevel>
  <escapedJava>false</escapedJava>
  <property name="startLine">49</property>
  <property name="stepIndex">3</property>
</record>
<record>
  <date>2025-05-21T07:26:53.554147Z</date>
  <millis>1747812413554</millis>
  <nanos>147000</nanos>
  <sequence>105</sequence>
  <level>END</level>
  <class>com.kms.katalon.core.logging.XmlKeywordLogger</class>
  <method>endKeyword</method>
  <thread>1</thread>
  <message>End action : if (tsContext == null)</message>
  <nestedLevel>1</nestedLevel>
  <escapedJava>false</escapedJava>
</record>
<record>
  <date>2025-05-21T07:26:53.554568Z</date>
  <millis>1747812413554</millis>
  <nanos>568000</nanos>
  <sequence>106</sequence>
  <level>END</level>
  <class>com.kms.katalon.core.logging.XmlKeywordLogger</class>
  <method>endKeyword</method>
  <thread>1</thread>
  <message>End listener action : afterTest</message>
  <nestedLevel>1</nestedLevel>
  <escapedJava>false</escapedJava>
</record>
<record>
  <date>2025-05-21T07:26:53.556668Z</date>
  <millis>1747812413556</millis>
  <nanos>668000</nanos>
  <sequence>107</sequence>
  <level>END</level>
  <class>com.kms.katalon.core.logging.XmlKeywordLogger</class>
  <method>endTest</method>
  <thread>1</thread>
  <message>End Test Case : Test Cases/IPAPER APP/003 TAO YEU CAU KHONG CO ASSIGNER</message>
  <nestedLevel>0</nestedLevel>
  <escapedJava>false</escapedJava>
  <property name="executionBindingVariables">[]</property>
  <property name="applitools">false</property>
  <property name="remainingRetryCount">0</property>
  <property name="currentRetryCount">0</property>
  <property name="keywordsUsage">{
  &quot;web_ui&quot;: false,
  &quot;web_service&quot;: false,
  &quot;cucumber&quot;: false,
  &quot;builtin&quot;: false,
  &quot;mobile&quot;: true,
  &quot;windows&quot;: false,
  &quot;testng&quot;: false
}</property>
</record>
<record>
  <date>2025-05-21T07:26:53.563448Z</date>
  <millis>1747812413563</millis>
  <nanos>448000</nanos>
  <sequence>108</sequence>
  <level>START</level>
  <class>com.kms.katalon.core.logging.XmlKeywordLogger</class>
  <method>startTest</method>
  <thread>1</thread>
  <message>Start Test Case : Test Cases/IPAPER APP/002 TAO YEU CAU</message>
  <nestedLevel>1</nestedLevel>
  <escapedJava>false</escapedJava>
  <property name="remainingRetryCount">0</property>
  <property name="name">Test Cases/IPAPER APP/002 TAO YEU CAU</property>
  <property name="description"></property>
  <property name="iteration"></property>
  <property name="id">Test Cases/IPAPER APP/002 TAO YEU CAU</property>
  <property name="source">\Users\cuongvo\hdb_katalon\IPaper\Test Cases\IPAPER APP\002 TAO YEU CAU.tc</property>
  <property name="tag"></property>
  <property name="isOptional">false</property>
  <property name="currentRetryCount">0</property>
</record>
<record>
  <date>2025-05-21T07:26:53.584278Z</date>
  <millis>1747812413584</millis>
  <nanos>278000</nanos>
  <sequence>110</sequence>
  <level>START</level>
  <class>com.kms.katalon.core.logging.XmlKeywordLogger</class>
  <method>startKeyword</method>
  <thread>1</thread>
  <message>Start listener action : beforeTest</message>
  <nestedLevel>1</nestedLevel>
  <escapedJava>false</escapedJava>
</record>
<record>
  <date>2025-05-21T07:26:53.584744Z</date>
  <millis>1747812413584</millis>
  <nanos>744000</nanos>
  <sequence>112</sequence>
  <level>START</level>
  <class>com.kms.katalon.core.logging.XmlKeywordLogger</class>
  <method>startKeyword</method>
  <thread>1</thread>
  <message>Start action : DataTest.init()</message>
  <nestedLevel>1</nestedLevel>
  <escapedJava>false</escapedJava>
  <property name="startLine">29</property>
  <property name="stepIndex">1</property>
</record>
<record>
  <date>2025-05-21T07:26:53.586099Z</date>
  <millis>1747812413586</millis>
  <nanos>99000</nanos>
  <sequence>113</sequence>
  <level>END</level>
  <class>com.kms.katalon.core.logging.XmlKeywordLogger</class>
  <method>endKeyword</method>
  <thread>1</thread>
  <message>End action : DataTest.init()</message>
  <nestedLevel>1</nestedLevel>
  <escapedJava>false</escapedJava>
</record>
<record>
  <date>2025-05-21T07:26:53.586281Z</date>
  <millis>1747812413586</millis>
  <nanos>281000</nanos>
  <sequence>114</sequence>
  <level>START</level>
  <class>com.kms.katalon.core.logging.XmlKeywordLogger</class>
  <method>startKeyword</method>
  <thread>1</thread>
  <message>Start action : testCaseId = split(&amp;quot;/&amp;quot;).last()</message>
  <nestedLevel>1</nestedLevel>
  <escapedJava>false</escapedJava>
  <property name="startLine">30</property>
  <property name="stepIndex">2</property>
</record>
<record>
  <date>2025-05-21T07:26:53.586563Z</date>
  <millis>1747812413586</millis>
  <nanos>563000</nanos>
  <sequence>115</sequence>
  <level>END</level>
  <class>com.kms.katalon.core.logging.XmlKeywordLogger</class>
  <method>endKeyword</method>
  <thread>1</thread>
  <message>End action : testCaseId = split(&amp;quot;/&amp;quot;).last()</message>
  <nestedLevel>1</nestedLevel>
  <escapedJava>false</escapedJava>
</record>
<record>
  <date>2025-05-21T07:26:53.586685Z</date>
  <millis>1747812413586</millis>
  <nanos>685000</nanos>
  <sequence>116</sequence>
  <level>START</level>
  <class>com.kms.katalon.core.logging.XmlKeywordLogger</class>
  <method>startKeyword</method>
  <thread>1</thread>
  <message>Start action : if (!(drivers.Driver.isAppiumRunning()))</message>
  <nestedLevel>1</nestedLevel>
  <escapedJava>false</escapedJava>
  <property name="startLine">31</property>
  <property name="stepIndex">3</property>
</record>
<record>
  <date>2025-05-21T07:26:53.607886Z</date>
  <millis>1747812413607</millis>
  <nanos>886000</nanos>
  <sequence>117</sequence>
  <level>INFO</level>
  <class>com.kms.katalon.core.logging.XmlKeywordLogger</class>
  <method>logMessage</method>
  <thread>1</thread>
  <message>Appium running: true</message>
  <nestedLevel>1</nestedLevel>
  <escapedJava>false</escapedJava>
</record>
<record>
  <date>2025-05-21T07:26:53.608294Z</date>
  <millis>1747812413608</millis>
  <nanos>294000</nanos>
  <sequence>118</sequence>
  <level>PASSED</level>
  <class>com.kms.katalon.core.logging.XmlKeywordLogger</class>
  <method>logMessage</method>
  <thread>1</thread>
  <message>drivers.Driver.isAppiumRunning is PASSED</message>
  <nestedLevel>1</nestedLevel>
  <escapedJava>false</escapedJava>
</record>
<record>
  <date>2025-05-21T07:26:53.608536Z</date>
  <millis>1747812413608</millis>
  <nanos>536000</nanos>
  <sequence>119</sequence>
  <level>END</level>
  <class>com.kms.katalon.core.logging.XmlKeywordLogger</class>
  <method>endKeyword</method>
  <thread>1</thread>
  <message>End action : if (!(drivers.Driver.isAppiumRunning()))</message>
  <nestedLevel>1</nestedLevel>
  <escapedJava>false</escapedJava>
</record>
<record>
  <date>2025-05-21T07:26:53.608656Z</date>
  <millis>1747812413608</millis>
  <nanos>656000</nanos>
  <sequence>120</sequence>
  <level>START</level>
  <class>com.kms.katalon.core.logging.XmlKeywordLogger</class>
  <method>startKeyword</method>
  <thread>1</thread>
  <message>Start action : if (driver == null || driver.getSessionId() == null)</message>
  <nestedLevel>1</nestedLevel>
  <escapedJava>false</escapedJava>
  <property name="startLine">35</property>
  <property name="stepIndex">4</property>
</record>
<record>
  <date>2025-05-21T07:26:53.608830Z</date>
  <millis>1747812413608</millis>
  <nanos>830000</nanos>
  <sequence>121</sequence>
  <level>END</level>
  <class>com.kms.katalon.core.logging.XmlKeywordLogger</class>
  <method>endKeyword</method>
  <thread>1</thread>
  <message>End action : if (driver == null || driver.getSessionId() == null)</message>
  <nestedLevel>1</nestedLevel>
  <escapedJava>false</escapedJava>
</record>
<record>
  <date>2025-05-21T07:26:53.608934Z</date>
  <millis>1747812413608</millis>
  <nanos>934000</nanos>
  <sequence>122</sequence>
  <level>START</level>
  <class>com.kms.katalon.core.logging.XmlKeywordLogger</class>
  <method>startKeyword</method>
  <thread>1</thread>
  <message>Start action : drivers.Driver.openApp()</message>
  <nestedLevel>1</nestedLevel>
  <escapedJava>false</escapedJava>
  <property name="startLine">39</property>
  <property name="stepIndex">5</property>
</record>
<record>
  <date>2025-05-21T07:26:55.190633Z</date>
  <millis>1747812415190</millis>
  <nanos>633000</nanos>
  <sequence>123</sequence>
  <level>PASSED</level>
  <class>com.kms.katalon.core.logging.XmlKeywordLogger</class>
  <method>logMessage</method>
  <thread>1</thread>
  <message>drivers.Driver.openApp is PASSED</message>
  <nestedLevel>1</nestedLevel>
  <escapedJava>false</escapedJava>
</record>
<record>
  <date>2025-05-21T07:26:55.191025Z</date>
  <millis>1747812415191</millis>
  <nanos>25000</nanos>
  <sequence>125</sequence>
  <level>END</level>
  <class>com.kms.katalon.core.logging.XmlKeywordLogger</class>
  <method>endKeyword</method>
  <thread>1</thread>
  <message>End action : drivers.Driver.openApp()</message>
  <nestedLevel>1</nestedLevel>
  <escapedJava>false</escapedJava>
</record>
<record>
  <date>2025-05-21T07:26:55.191196Z</date>
  <millis>1747812415191</millis>
  <nanos>196000</nanos>
  <sequence>126</sequence>
  <level>END</level>
  <class>com.kms.katalon.core.logging.XmlKeywordLogger</class>
  <method>endKeyword</method>
  <thread>1</thread>
  <message>End listener action : beforeTest</message>
  <nestedLevel>1</nestedLevel>
  <escapedJava>false</escapedJava>
</record>
<record>
  <date>2025-05-21T07:26:55.258847Z</date>
  <millis>1747812415258</millis>
  <nanos>847000</nanos>
  <sequence>127</sequence>
  <level>START</level>
  <class>com.kms.katalon.core.logging.XmlKeywordLogger</class>
  <method>startKeyword</method>
  <thread>1</thread>
  <message>Start action : REQUEST_NAME = &amp;quot;Trình ký PDF có sẵn&amp;quot;</message>
  <nestedLevel>1</nestedLevel>
  <escapedJava>false</escapedJava>
  <property name="startLine">8</property>
  <property name="stepIndex">1</property>
</record>
<record>
  <date>2025-05-21T07:26:55.259369Z</date>
  <millis>1747812415259</millis>
  <nanos>369000</nanos>
  <sequence>128</sequence>
  <level>END</level>
  <class>com.kms.katalon.core.logging.XmlKeywordLogger</class>
  <method>endKeyword</method>
  <thread>1</thread>
  <message>End action : REQUEST_NAME = &amp;quot;Trình ký PDF có sẵn&amp;quot;</message>
  <nestedLevel>1</nestedLevel>
  <escapedJava>false</escapedJava>
</record>
<record>
  <date>2025-05-21T07:26:55.259493Z</date>
  <millis>1747812415259</millis>
  <nanos>493000</nanos>
  <sequence>129</sequence>
  <level>START</level>
  <class>com.kms.katalon.core.logging.XmlKeywordLogger</class>
  <method>startKeyword</method>
  <thread>1</thread>
  <message>Start action : TO_DAY = SimpleDateFormat(dd/MM/yyyy).format(new java.util.Date())</message>
  <nestedLevel>1</nestedLevel>
  <escapedJava>false</escapedJava>
  <property name="startLine">10</property>
  <property name="stepIndex">2</property>
</record>
<record>
  <date>2025-05-21T07:26:55.260147Z</date>
  <millis>1747812415260</millis>
  <nanos>147000</nanos>
  <sequence>130</sequence>
  <level>END</level>
  <class>com.kms.katalon.core.logging.XmlKeywordLogger</class>
  <method>endKeyword</method>
  <thread>1</thread>
  <message>End action : TO_DAY = SimpleDateFormat(dd/MM/yyyy).format(new java.util.Date())</message>
  <nestedLevel>1</nestedLevel>
  <escapedJava>false</escapedJava>
</record>
<record>
  <date>2025-05-21T07:26:55.260270Z</date>
  <millis>1747812415260</millis>
  <nanos>270000</nanos>
  <sequence>131</sequence>
  <level>START</level>
  <class>com.kms.katalon.core.logging.XmlKeywordLogger</class>
  <method>startKeyword</method>
  <thread>1</thread>
  <message>Start action : auto5 = DataTest.getUserTest5()</message>
  <nestedLevel>1</nestedLevel>
  <escapedJava>false</escapedJava>
  <property name="startLine">12</property>
  <property name="stepIndex">3</property>
</record>
<record>
  <date>2025-05-21T07:26:55.260677Z</date>
  <millis>1747812415260</millis>
  <nanos>677000</nanos>
  <sequence>132</sequence>
  <level>END</level>
  <class>com.kms.katalon.core.logging.XmlKeywordLogger</class>
  <method>endKeyword</method>
  <thread>1</thread>
  <message>End action : auto5 = DataTest.getUserTest5()</message>
  <nestedLevel>1</nestedLevel>
  <escapedJava>false</escapedJava>
</record>
<record>
  <date>2025-05-21T07:26:55.260775Z</date>
  <millis>1747812415260</millis>
  <nanos>775000</nanos>
  <sequence>133</sequence>
  <level>START</level>
  <class>com.kms.katalon.core.logging.XmlKeywordLogger</class>
  <method>startKeyword</method>
  <thread>1</thread>
  <message>Start action : auto6 = DataTest.getUserTest6()</message>
  <nestedLevel>1</nestedLevel>
  <escapedJava>false</escapedJava>
  <property name="startLine">14</property>
  <property name="stepIndex">4</property>
</record>
<record>
  <date>2025-05-21T07:26:55.261135Z</date>
  <millis>1747812415261</millis>
  <nanos>135000</nanos>
  <sequence>134</sequence>
  <level>END</level>
  <class>com.kms.katalon.core.logging.XmlKeywordLogger</class>
  <method>endKeyword</method>
  <thread>1</thread>
  <message>End action : auto6 = DataTest.getUserTest6()</message>
  <nestedLevel>1</nestedLevel>
  <escapedJava>false</escapedJava>
</record>
<record>
  <date>2025-05-21T07:26:55.261230Z</date>
  <millis>1747812415261</millis>
  <nanos>230000</nanos>
  <sequence>135</sequence>
  <level>START</level>
  <class>com.kms.katalon.core.logging.XmlKeywordLogger</class>
  <method>startKeyword</method>
  <thread>1</thread>
  <message>Start action : auto7 = DataTest.getUserTest7()</message>
  <nestedLevel>1</nestedLevel>
  <escapedJava>false</escapedJava>
  <property name="startLine">16</property>
  <property name="stepIndex">5</property>
</record>
<record>
  <date>2025-05-21T07:26:55.261557Z</date>
  <millis>1747812415261</millis>
  <nanos>557000</nanos>
  <sequence>136</sequence>
  <level>END</level>
  <class>com.kms.katalon.core.logging.XmlKeywordLogger</class>
  <method>endKeyword</method>
  <thread>1</thread>
  <message>End action : auto7 = DataTest.getUserTest7()</message>
  <nestedLevel>1</nestedLevel>
  <escapedJava>false</escapedJava>
</record>
<record>
  <date>2025-05-21T07:26:55.261640Z</date>
  <millis>1747812415261</millis>
  <nanos>640000</nanos>
  <sequence>137</sequence>
  <level>START</level>
  <class>com.kms.katalon.core.logging.XmlKeywordLogger</class>
  <method>startKeyword</method>
  <thread>1</thread>
  <message>Start action : document = DataTest.createDocumentTest(auto5, auto6, auto7, &amp;quot;dummy.pdf&amp;quot;, &amp;quot;dummy.pdf&amp;quot;)</message>
  <nestedLevel>1</nestedLevel>
  <escapedJava>false</escapedJava>
  <property name="startLine">18</property>
  <property name="stepIndex">6</property>
</record>
<record>
  <date>2025-05-21T07:26:55.262223Z</date>
  <millis>1747812415262</millis>
  <nanos>223000</nanos>
  <sequence>138</sequence>
  <level>END</level>
  <class>com.kms.katalon.core.logging.XmlKeywordLogger</class>
  <method>endKeyword</method>
  <thread>1</thread>
  <message>End action : document = DataTest.createDocumentTest(auto5, auto6, auto7, &amp;quot;dummy.pdf&amp;quot;, &amp;quot;dummy.pdf&amp;quot;)</message>
  <nestedLevel>1</nestedLevel>
  <escapedJava>false</escapedJava>
</record>
<record>
  <date>2025-05-21T07:26:55.262319Z</date>
  <millis>1747812415262</millis>
  <nanos>319000</nanos>
  <sequence>139</sequence>
  <level>START</level>
  <class>com.kms.katalon.core.logging.XmlKeywordLogger</class>
  <method>startKeyword</method>
  <thread>1</thread>
  <message>Start action : loginScreen.login(auto5)</message>
  <nestedLevel>1</nestedLevel>
  <escapedJava>false</escapedJava>
  <property name="startLine">21</property>
  <property name="stepIndex">7</property>
</record>
</log>
